<?xml version="1.0" encoding="UTF-8"?>
<testsuites name="Mocha Tests" time="283.487" tests="803" failures="690">
  <testsuite name="Root Suite" timestamp="2026-04-02T11:14:35" tests="0" time="0.000" failures="0">
  </testsuite>
  <testsuite name="auth-modes: [test/auth-modes.test.js]" timestamp="2026-04-02T11:14:35" tests="0" file="/work/rintaro-k/research/PS/js/repos_tmp/supertokens/supertokens-node/test/auth-modes.test.js" time="0.000" failures="0">
  </testsuite>
  <testsuite name="with default getTokenTransferMethod" timestamp="2026-04-02T11:14:35" tests="0" file="/work/rintaro-k/research/PS/js/repos_tmp/supertokens/supertokens-node/test/auth-modes.test.js" time="0.000" failures="0">
  </testsuite>
  <testsuite name="createNewSession" timestamp="2026-04-02T11:14:35" tests="0" file="/work/rintaro-k/research/PS/js/repos_tmp/supertokens/supertokens-node/test/auth-modes.test.js" time="0.000" failures="0">
  </testsuite>
  <testsuite name="with default getTokenTransferMethod" timestamp="2026-04-02T11:14:35" tests="4" file="/work/rintaro-k/research/PS/js/repos_tmp/supertokens/supertokens-node/test/auth-modes.test.js" time="0.025" failures="4">
    <testcase name="auth-modes: [test/auth-modes.test.js] with default getTokenTransferMethod createNewSession with default getTokenTransferMethod should default to header based session w/ no auth-mode header" time="0.012" classname="should default to header based session w/ no auth-mode header">
      <failure message="request to http://localhost:3567/recipe/multitenancy/app/v2 failed, reason: connect ECONNREFUSED 127.0.0.1:3567" type="FetchError"><![CDATA[FetchError: request to http://localhost:3567/recipe/multitenancy/app/v2 failed, reason: connect ECONNREFUSED 127.0.0.1:3567
    at ClientRequest.<anonymous> (node_modules/cross-fetch/node_modules/node-fetch/lib/index.js:1501:11)
    at ClientRequest.emit (node:events:524:28)
    at ClientRequest.emit (node:domain:489:12)
    at emitErrorEvent (node:_http_client:101:11)
    at Socket.socketErrorListener (node:_http_client:504:5)
    at Socket.emit (node:events:524:28)
    at Socket.emit (node:domain:489:12)
    at emitErrorNT (node:internal/streams/destroy:169:8)
    at emitErrorCloseNT (node:internal/streams/destroy:128:3)
    at processTicksAndRejections (node:internal/process/task_queues:82:21)]]></failure>
    </testcase>
    <testcase name="auth-modes: [test/auth-modes.test.js] with default getTokenTransferMethod createNewSession with default getTokenTransferMethod should default to header based session w/ bad auth-mode header" time="0.002" classname="should default to header based session w/ bad auth-mode header">
      <failure message="request to http://localhost:3567/recipe/multitenancy/app/v2 failed, reason: connect ECONNREFUSED 127.0.0.1:3567" type="FetchError"><![CDATA[FetchError: request to http://localhost:3567/recipe/multitenancy/app/v2 failed, reason: connect ECONNREFUSED 127.0.0.1:3567
    at ClientRequest.<anonymous> (node_modules/cross-fetch/node_modules/node-fetch/lib/index.js:1501:11)
    at ClientRequest.emit (node:events:524:28)
    at ClientRequest.emit (node:domain:489:12)
    at emitErrorEvent (node:_http_client:101:11)
    at Socket.socketErrorListener (node:_http_client:504:5)
    at Socket.emit (node:events:524:28)
    at Socket.emit (node:domain:489:12)
    at emitErrorNT (node:internal/streams/destroy:169:8)
    at emitErrorCloseNT (node:internal/streams/destroy:128:3)
    at processTicksAndRejections (node:internal/process/task_queues:82:21)]]></failure>
    </testcase>
    <testcase name="auth-modes: [test/auth-modes.test.js] with default getTokenTransferMethod createNewSession with default getTokenTransferMethod should use headers if auth-mode specifies it" time="0.001" classname="should use headers if auth-mode specifies it">
      <failure message="request to http://localhost:3567/recipe/multitenancy/app/v2 failed, reason: connect ECONNREFUSED 127.0.0.1:3567" type="FetchError"><![CDATA[FetchError: request to http://localhost:3567/recipe/multitenancy/app/v2 failed, reason: connect ECONNREFUSED 127.0.0.1:3567
    at ClientRequest.<anonymous> (node_modules/cross-fetch/node_modules/node-fetch/lib/index.js:1501:11)
    at ClientRequest.emit (node:events:524:28)
    at ClientRequest.emit (node:domain:489:12)
    at emitErrorEvent (node:_http_client:101:11)
    at Socket.socketErrorListener (node:_http_client:504:5)
    at Socket.emit (node:events:524:28)
    at Socket.emit (node:domain:489:12)
    at emitErrorNT (node:internal/streams/destroy:169:8)
    at emitErrorCloseNT (node:internal/streams/destroy:128:3)
    at processTicksAndRejections (node:internal/process/task_queues:82:21)]]></failure>
    </testcase>
    <testcase name="auth-modes: [test/auth-modes.test.js] with default getTokenTransferMethod createNewSession with default getTokenTransferMethod should use cookies if auth-mode specifies it" time="0.001" classname="should use cookies if auth-mode specifies it">
      <failure message="request to http://localhost:3567/recipe/multitenancy/app/v2 failed, reason: connect ECONNREFUSED 127.0.0.1:3567" type="FetchError"><![CDATA[FetchError: request to http://localhost:3567/recipe/multitenancy/app/v2 failed, reason: connect ECONNREFUSED 127.0.0.1:3567
    at ClientRequest.<anonymous> (node_modules/cross-fetch/node_modules/node-fetch/lib/index.js:1501:11)
    at ClientRequest.emit (node:events:524:28)
    at ClientRequest.emit (node:domain:489:12)
    at emitErrorEvent (node:_http_client:101:11)
    at Socket.socketErrorListener (node:_http_client:504:5)
    at Socket.emit (node:events:524:28)
    at Socket.emit (node:domain:489:12)
    at emitErrorNT (node:internal/streams/destroy:169:8)
    at emitErrorCloseNT (node:internal/streams/destroy:128:3)
    at processTicksAndRejections (node:internal/process/task_queues:82:21)]]></failure>
    </testcase>
  </testsuite>
  <testsuite name="with user provided getTokenTransferMethod" timestamp="2026-04-02T11:14:35" tests="7" file="/work/rintaro-k/research/PS/js/repos_tmp/supertokens/supertokens-node/test/auth-modes.test.js" time="0.014" failures="7">
    <testcase name="auth-modes: [test/auth-modes.test.js] with default getTokenTransferMethod createNewSession with user provided getTokenTransferMethod should use headers if getTokenTransferMethod returns any and there is no st-auth-mode header" time="0.001" classname="should use headers if getTokenTransferMethod returns any and there is no st-auth-mode header">
      <failure message="request to http://localhost:3567/recipe/multitenancy/app/v2 failed, reason: connect ECONNREFUSED 127.0.0.1:3567" type="FetchError"><![CDATA[FetchError: request to http://localhost:3567/recipe/multitenancy/app/v2 failed, reason: connect ECONNREFUSED 127.0.0.1:3567
    at ClientRequest.<anonymous> (node_modules/cross-fetch/node_modules/node-fetch/lib/index.js:1501:11)
    at ClientRequest.emit (node:events:524:28)
    at ClientRequest.emit (node:domain:489:12)
    at emitErrorEvent (node:_http_client:101:11)
    at Socket.socketErrorListener (node:_http_client:504:5)
    at Socket.emit (node:events:524:28)
    at Socket.emit (node:domain:489:12)
    at emitErrorNT (node:internal/streams/destroy:169:8)
    at emitErrorCloseNT (node:internal/streams/destroy:128:3)
    at processTicksAndRejections (node:internal/process/task_queues:82:21)]]></failure>
    </testcase>
    <testcase name="auth-modes: [test/auth-modes.test.js] with default getTokenTransferMethod createNewSession with user provided getTokenTransferMethod should use cookies if getTokenTransferMethod returns any and st-auth-mode is set to cookie" time="0.001" classname="should use cookies if getTokenTransferMethod returns any and st-auth-mode is set to cookie">
      <failure message="request to http://localhost:3567/recipe/multitenancy/app/v2 failed, reason: connect ECONNREFUSED 127.0.0.1:3567" type="FetchError"><![CDATA[FetchError: request to http://localhost:3567/recipe/multitenancy/app/v2 failed, reason: connect ECONNREFUSED 127.0.0.1:3567
    at ClientRequest.<anonymous> (node_modules/cross-fetch/node_modules/node-fetch/lib/index.js:1501:11)
    at ClientRequest.emit (node:events:524:28)
    at ClientRequest.emit (node:domain:489:12)
    at emitErrorEvent (node:_http_client:101:11)
    at Socket.socketErrorListener (node:_http_client:504:5)
    at Socket.emit (node:events:524:28)
    at Socket.emit (node:domain:489:12)
    at emitErrorNT (node:internal/streams/destroy:169:8)
    at emitErrorCloseNT (node:internal/streams/destroy:128:3)
    at processTicksAndRejections (node:internal/process/task_queues:82:21)]]></failure>
    </testcase>
    <testcase name="auth-modes: [test/auth-modes.test.js] with default getTokenTransferMethod createNewSession with user provided getTokenTransferMethod should use headers if getTokenTransferMethod returns any and st-auth-mode is set to header" time="0.001" classname="should use headers if getTokenTransferMethod returns any and st-auth-mode is set to header">
      <failure message="request to http://localhost:3567/recipe/multitenancy/app/v2 failed, reason: connect ECONNREFUSED 127.0.0.1:3567" type="FetchError"><![CDATA[FetchError: request to http://localhost:3567/recipe/multitenancy/app/v2 failed, reason: connect ECONNREFUSED 127.0.0.1:3567
    at ClientRequest.<anonymous> (node_modules/cross-fetch/node_modules/node-fetch/lib/index.js:1501:11)
    at ClientRequest.emit (node:events:524:28)
    at ClientRequest.emit (node:domain:489:12)
    at emitErrorEvent (node:_http_client:101:11)
    at Socket.socketErrorListener (node:_http_client:504:5)
    at Socket.emit (node:events:524:28)
    at Socket.emit (node:domain:489:12)
    at emitErrorNT (node:internal/streams/destroy:169:8)
    at emitErrorCloseNT (node:internal/streams/destroy:128:3)
    at processTicksAndRejections (node:internal/process/task_queues:82:21)]]></failure>
    </testcase>
    <testcase name="auth-modes: [test/auth-modes.test.js] with default getTokenTransferMethod createNewSession with user provided getTokenTransferMethod should use headers if getTokenTransferMethod returns header" time="0.001" classname="should use headers if getTokenTransferMethod returns header">
      <failure message="request to http://localhost:3567/recipe/multitenancy/app/v2 failed, reason: connect ECONNREFUSED 127.0.0.1:3567" type="FetchError"><![CDATA[FetchError: request to http://localhost:3567/recipe/multitenancy/app/v2 failed, reason: connect ECONNREFUSED 127.0.0.1:3567
    at ClientRequest.<anonymous> (node_modules/cross-fetch/node_modules/node-fetch/lib/index.js:1501:11)
    at ClientRequest.emit (node:events:524:28)
    at ClientRequest.emit (node:domain:489:12)
    at emitErrorEvent (node:_http_client:101:11)
    at Socket.socketErrorListener (node:_http_client:504:5)
    at Socket.emit (node:events:524:28)
    at Socket.emit (node:domain:489:12)
    at emitErrorNT (node:internal/streams/destroy:169:8)
    at emitErrorCloseNT (node:internal/streams/destroy:128:3)
    at processTicksAndRejections (node:internal/process/task_queues:82:21)]]></failure>
    </testcase>
    <testcase name="auth-modes: [test/auth-modes.test.js] with default getTokenTransferMethod createNewSession with user provided getTokenTransferMethod should use clear cookies (if present) if getTokenTransferMethod returns header" time="0.001" classname="should use clear cookies (if present) if getTokenTransferMethod returns header">
      <failure message="request to http://localhost:3567/recipe/multitenancy/app/v2 failed, reason: connect ECONNREFUSED 127.0.0.1:3567" type="FetchError"><![CDATA[FetchError: request to http://localhost:3567/recipe/multitenancy/app/v2 failed, reason: connect ECONNREFUSED 127.0.0.1:3567
    at ClientRequest.<anonymous> (node_modules/cross-fetch/node_modules/node-fetch/lib/index.js:1501:11)
    at ClientRequest.emit (node:events:524:28)
    at ClientRequest.emit (node:domain:489:12)
    at emitErrorEvent (node:_http_client:101:11)
    at Socket.socketErrorListener (node:_http_client:504:5)
    at Socket.emit (node:events:524:28)
    at Socket.emit (node:domain:489:12)
    at emitErrorNT (node:internal/streams/destroy:169:8)
    at emitErrorCloseNT (node:internal/streams/destroy:128:3)
    at processTicksAndRejections (node:internal/process/task_queues:82:21)]]></failure>
    </testcase>
    <testcase name="auth-modes: [test/auth-modes.test.js] with default getTokenTransferMethod createNewSession with user provided getTokenTransferMethod should use cookies if getTokenTransferMethod returns cookie" time="0.002" classname="should use cookies if getTokenTransferMethod returns cookie">
      <failure message="request to http://localhost:3567/recipe/multitenancy/app/v2 failed, reason: connect ECONNREFUSED 127.0.0.1:3567" type="FetchError"><![CDATA[FetchError: request to http://localhost:3567/recipe/multitenancy/app/v2 failed, reason: connect ECONNREFUSED 127.0.0.1:3567
    at ClientRequest.<anonymous> (node_modules/cross-fetch/node_modules/node-fetch/lib/index.js:1501:11)
    at ClientRequest.emit (node:events:524:28)
    at ClientRequest.emit (node:domain:489:12)
    at emitErrorEvent (node:_http_client:101:11)
    at Socket.socketErrorListener (node:_http_client:504:5)
    at Socket.emit (node:events:524:28)
    at Socket.emit (node:domain:489:12)
    at emitErrorNT (node:internal/streams/destroy:169:8)
    at emitErrorCloseNT (node:internal/streams/destroy:128:3)
    at processTicksAndRejections (node:internal/process/task_queues:82:21)]]></failure>
    </testcase>
    <testcase name="auth-modes: [test/auth-modes.test.js] with default getTokenTransferMethod createNewSession with user provided getTokenTransferMethod should clear headers (if present) if getTokenTransferMethod returns cookie" time="0.001" classname="should clear headers (if present) if getTokenTransferMethod returns cookie">
      <failure message="request to http://localhost:3567/recipe/multitenancy/app/v2 failed, reason: connect ECONNREFUSED 127.0.0.1:3567" type="FetchError"><![CDATA[FetchError: request to http://localhost:3567/recipe/multitenancy/app/v2 failed, reason: connect ECONNREFUSED 127.0.0.1:3567
    at ClientRequest.<anonymous> (node_modules/cross-fetch/node_modules/node-fetch/lib/index.js:1501:11)
    at ClientRequest.emit (node:events:524:28)
    at ClientRequest.emit (node:domain:489:12)
    at emitErrorEvent (node:_http_client:101:11)
    at Socket.socketErrorListener (node:_http_client:504:5)
    at Socket.emit (node:events:524:28)
    at Socket.emit (node:domain:489:12)
    at emitErrorNT (node:internal/streams/destroy:169:8)
    at emitErrorCloseNT (node:internal/streams/destroy:128:3)
    at processTicksAndRejections (node:internal/process/task_queues:82:21)]]></failure>
    </testcase>
  </testsuite>
  <testsuite name="verifySession" timestamp="2026-04-02T11:14:35" tests="1" file="/work/rintaro-k/research/PS/js/repos_tmp/supertokens/supertokens-node/test/auth-modes.test.js" time="0.000" failures="1">
    <testcase name="auth-modes: [test/auth-modes.test.js] with default getTokenTransferMethod verifySession should reject requests with sIdRefreshToken" time="0.001" classname="should reject requests with sIdRefreshToken">
      <failure message="request to http://localhost:3567/recipe/multitenancy/app/v2 failed, reason: connect ECONNREFUSED 127.0.0.1:3567" type="FetchError"><![CDATA[FetchError: request to http://localhost:3567/recipe/multitenancy/app/v2 failed, reason: connect ECONNREFUSED 127.0.0.1:3567
    at ClientRequest.<anonymous> (node_modules/cross-fetch/node_modules/node-fetch/lib/index.js:1501:11)
    at ClientRequest.emit (node:events:524:28)
    at ClientRequest.emit (node:domain:489:12)
    at emitErrorEvent (node:_http_client:101:11)
    at Socket.socketErrorListener (node:_http_client:504:5)
    at Socket.emit (node:events:524:28)
    at Socket.emit (node:domain:489:12)
    at emitErrorNT (node:internal/streams/destroy:169:8)
    at emitErrorCloseNT (node:internal/streams/destroy:128:3)
    at processTicksAndRejections (node:internal/process/task_queues:82:21)]]></failure>
    </testcase>
  </testsuite>
  <testsuite name="from behaviour table" timestamp="2026-04-02T11:14:35" tests="48" file="/work/rintaro-k/research/PS/js/repos_tmp/supertokens/supertokens-node/test/auth-modes.test.js" time="0.073" failures="48">
    <testcase name="auth-modes: [test/auth-modes.test.js] with default getTokenTransferMethod verifySession from behaviour table should match line 1 with a valid token" time="0.001" classname="should match line 1 with a valid token">
      <failure message="request to http://localhost:3567/recipe/multitenancy/app/v2 failed, reason: connect ECONNREFUSED 127.0.0.1:3567" type="FetchError"><![CDATA[FetchError: request to http://localhost:3567/recipe/multitenancy/app/v2 failed, reason: connect ECONNREFUSED 127.0.0.1:3567
    at ClientRequest.<anonymous> (node_modules/cross-fetch/node_modules/node-fetch/lib/index.js:1501:11)
    at ClientRequest.emit (node:events:524:28)
    at ClientRequest.emit (node:domain:489:12)
    at emitErrorEvent (node:_http_client:101:11)
    at Socket.socketErrorListener (node:_http_client:504:5)
    at Socket.emit (node:events:524:28)
    at Socket.emit (node:domain:489:12)
    at emitErrorNT (node:internal/streams/destroy:169:8)
    at emitErrorCloseNT (node:internal/streams/destroy:128:3)
    at processTicksAndRejections (node:internal/process/task_queues:82:21)]]></failure>
    </testcase>
    <testcase name="auth-modes: [test/auth-modes.test.js] with default getTokenTransferMethod verifySession from behaviour table should match line 1 with a expired token" time="0.001" classname="should match line 1 with a expired token">
      <failure message="request to http://localhost:3567/recipe/multitenancy/app/v2 failed, reason: connect ECONNREFUSED 127.0.0.1:3567" type="FetchError"><![CDATA[FetchError: request to http://localhost:3567/recipe/multitenancy/app/v2 failed, reason: connect ECONNREFUSED 127.0.0.1:3567
    at ClientRequest.<anonymous> (node_modules/cross-fetch/node_modules/node-fetch/lib/index.js:1501:11)
    at ClientRequest.emit (node:events:524:28)
    at ClientRequest.emit (node:domain:489:12)
    at emitErrorEvent (node:_http_client:101:11)
    at Socket.socketErrorListener (node:_http_client:504:5)
    at Socket.emit (node:events:524:28)
    at Socket.emit (node:domain:489:12)
    at emitErrorNT (node:internal/streams/destroy:169:8)
    at emitErrorCloseNT (node:internal/streams/destroy:128:3)
    at processTicksAndRejections (node:internal/process/task_queues:82:21)]]></failure>
    </testcase>
    <testcase name="auth-modes: [test/auth-modes.test.js] with default getTokenTransferMethod verifySession from behaviour table should match line 2 with a valid token" time="0.000" classname="should match line 2 with a valid token">
      <failure message="request to http://localhost:3567/recipe/multitenancy/app/v2 failed, reason: connect ECONNREFUSED 127.0.0.1:3567" type="FetchError"><![CDATA[FetchError: request to http://localhost:3567/recipe/multitenancy/app/v2 failed, reason: connect ECONNREFUSED 127.0.0.1:3567
    at ClientRequest.<anonymous> (node_modules/cross-fetch/node_modules/node-fetch/lib/index.js:1501:11)
    at ClientRequest.emit (node:events:524:28)
    at ClientRequest.emit (node:domain:489:12)
    at emitErrorEvent (node:_http_client:101:11)
    at Socket.socketErrorListener (node:_http_client:504:5)
    at Socket.emit (node:events:524:28)
    at Socket.emit (node:domain:489:12)
    at emitErrorNT (node:internal/streams/destroy:169:8)
    at emitErrorCloseNT (node:internal/streams/destroy:128:3)
    at processTicksAndRejections (node:internal/process/task_queues:82:21)]]></failure>
    </testcase>
    <testcase name="auth-modes: [test/auth-modes.test.js] with default getTokenTransferMethod verifySession from behaviour table should match line 2 with a expired token" time="0.001" classname="should match line 2 with a expired token">
      <failure message="request to http://localhost:3567/recipe/multitenancy/app/v2 failed, reason: connect ECONNREFUSED 127.0.0.1:3567" type="FetchError"><![CDATA[FetchError: request to http://localhost:3567/recipe/multitenancy/app/v2 failed, reason: connect ECONNREFUSED 127.0.0.1:3567
    at ClientRequest.<anonymous> (node_modules/cross-fetch/node_modules/node-fetch/lib/index.js:1501:11)
    at ClientRequest.emit (node:events:524:28)
    at ClientRequest.emit (node:domain:489:12)
    at emitErrorEvent (node:_http_client:101:11)
    at Socket.socketErrorListener (node:_http_client:504:5)
    at Socket.emit (node:events:524:28)
    at Socket.emit (node:domain:489:12)
    at emitErrorNT (node:internal/streams/destroy:169:8)
    at emitErrorCloseNT (node:internal/streams/destroy:128:3)
    at processTicksAndRejections (node:internal/process/task_queues:82:21)]]></failure>
    </testcase>
    <testcase name="auth-modes: [test/auth-modes.test.js] with default getTokenTransferMethod verifySession from behaviour table should match line 3 with a valid token" time="0.000" classname="should match line 3 with a valid token">
      <failure message="request to http://localhost:3567/recipe/multitenancy/app/v2 failed, reason: connect ECONNREFUSED 127.0.0.1:3567" type="FetchError"><![CDATA[FetchError: request to http://localhost:3567/recipe/multitenancy/app/v2 failed, reason: connect ECONNREFUSED 127.0.0.1:3567
    at ClientRequest.<anonymous> (node_modules/cross-fetch/node_modules/node-fetch/lib/index.js:1501:11)
    at ClientRequest.emit (node:events:524:28)
    at ClientRequest.emit (node:domain:489:12)
    at emitErrorEvent (node:_http_client:101:11)
    at Socket.socketErrorListener (node:_http_client:504:5)
    at Socket.emit (node:events:524:28)
    at Socket.emit (node:domain:489:12)
    at emitErrorNT (node:internal/streams/destroy:169:8)
    at emitErrorCloseNT (node:internal/streams/destroy:128:3)
    at processTicksAndRejections (node:internal/process/task_queues:82:21)]]></failure>
    </testcase>
    <testcase name="auth-modes: [test/auth-modes.test.js] with default getTokenTransferMethod verifySession from behaviour table should match line 3 with a expired token" time="0.001" classname="should match line 3 with a expired token">
      <failure message="request to http://localhost:3567/recipe/multitenancy/app/v2 failed, reason: connect ECONNREFUSED 127.0.0.1:3567" type="FetchError"><![CDATA[FetchError: request to http://localhost:3567/recipe/multitenancy/app/v2 failed, reason: connect ECONNREFUSED 127.0.0.1:3567
    at ClientRequest.<anonymous> (node_modules/cross-fetch/node_modules/node-fetch/lib/index.js:1501:11)
    at ClientRequest.emit (node:events:524:28)
    at ClientRequest.emit (node:domain:489:12)
    at emitErrorEvent (node:_http_client:101:11)
    at Socket.socketErrorListener (node:_http_client:504:5)
    at Socket.emit (node:events:524:28)
    at Socket.emit (node:domain:489:12)
    at emitErrorNT (node:internal/streams/destroy:169:8)
    at emitErrorCloseNT (node:internal/streams/destroy:128:3)
    at processTicksAndRejections (node:internal/process/task_queues:82:21)]]></failure>
    </testcase>
    <testcase name="auth-modes: [test/auth-modes.test.js] with default getTokenTransferMethod verifySession from behaviour table should match line 4 with a valid token" time="0.000" classname="should match line 4 with a valid token">
      <failure message="request to http://localhost:3567/recipe/multitenancy/app/v2 failed, reason: connect ECONNREFUSED 127.0.0.1:3567" type="FetchError"><![CDATA[FetchError: request to http://localhost:3567/recipe/multitenancy/app/v2 failed, reason: connect ECONNREFUSED 127.0.0.1:3567
    at ClientRequest.<anonymous> (node_modules/cross-fetch/node_modules/node-fetch/lib/index.js:1501:11)
    at ClientRequest.emit (node:events:524:28)
    at ClientRequest.emit (node:domain:489:12)
    at emitErrorEvent (node:_http_client:101:11)
    at Socket.socketErrorListener (node:_http_client:504:5)
    at Socket.emit (node:events:524:28)
    at Socket.emit (node:domain:489:12)
    at emitErrorNT (node:internal/streams/destroy:169:8)
    at emitErrorCloseNT (node:internal/streams/destroy:128:3)
    at processTicksAndRejections (node:internal/process/task_queues:82:21)]]></failure>
    </testcase>
    <testcase name="auth-modes: [test/auth-modes.test.js] with default getTokenTransferMethod verifySession from behaviour table should match line 4 with a expired token" time="0.001" classname="should match line 4 with a expired token">
      <failure message="request to http://localhost:3567/recipe/multitenancy/app/v2 failed, reason: connect ECONNREFUSED 127.0.0.1:3567" type="FetchError"><![CDATA[FetchError: request to http://localhost:3567/recipe/multitenancy/app/v2 failed, reason: connect ECONNREFUSED 127.0.0.1:3567
    at ClientRequest.<anonymous> (node_modules/cross-fetch/node_modules/node-fetch/lib/index.js:1501:11)
    at ClientRequest.emit (node:events:524:28)
    at ClientRequest.emit (node:domain:489:12)
    at emitErrorEvent (node:_http_client:101:11)
    at Socket.socketErrorListener (node:_http_client:504:5)
    at Socket.emit (node:events:524:28)
    at Socket.emit (node:domain:489:12)
    at emitErrorNT (node:internal/streams/destroy:169:8)
    at emitErrorCloseNT (node:internal/streams/destroy:128:3)
    at processTicksAndRejections (node:internal/process/task_queues:82:21)]]></failure>
    </testcase>
    <testcase name="auth-modes: [test/auth-modes.test.js] with default getTokenTransferMethod verifySession from behaviour table should match line 5 with a valid token" time="0.000" classname="should match line 5 with a valid token">
      <failure message="request to http://localhost:3567/recipe/multitenancy/app/v2 failed, reason: connect ECONNREFUSED 127.0.0.1:3567" type="FetchError"><![CDATA[FetchError: request to http://localhost:3567/recipe/multitenancy/app/v2 failed, reason: connect ECONNREFUSED 127.0.0.1:3567
    at ClientRequest.<anonymous> (node_modules/cross-fetch/node_modules/node-fetch/lib/index.js:1501:11)
    at ClientRequest.emit (node:events:524:28)
    at ClientRequest.emit (node:domain:489:12)
    at emitErrorEvent (node:_http_client:101:11)
    at Socket.socketErrorListener (node:_http_client:504:5)
    at Socket.emit (node:events:524:28)
    at Socket.emit (node:domain:489:12)
    at emitErrorNT (node:internal/streams/destroy:169:8)
    at emitErrorCloseNT (node:internal/streams/destroy:128:3)
    at processTicksAndRejections (node:internal/process/task_queues:82:21)]]></failure>
    </testcase>
    <testcase name="auth-modes: [test/auth-modes.test.js] with default getTokenTransferMethod verifySession from behaviour table should match line 5 with a expired token" time="0.001" classname="should match line 5 with a expired token">
      <failure message="request to http://localhost:3567/recipe/multitenancy/app/v2 failed, reason: connect ECONNREFUSED 127.0.0.1:3567" type="FetchError"><![CDATA[FetchError: request to http://localhost:3567/recipe/multitenancy/app/v2 failed, reason: connect ECONNREFUSED 127.0.0.1:3567
    at ClientRequest.<anonymous> (node_modules/cross-fetch/node_modules/node-fetch/lib/index.js:1501:11)
    at ClientRequest.emit (node:events:524:28)
    at ClientRequest.emit (node:domain:489:12)
    at emitErrorEvent (node:_http_client:101:11)
    at Socket.socketErrorListener (node:_http_client:504:5)
    at Socket.emit (node:events:524:28)
    at Socket.emit (node:domain:489:12)
    at emitErrorNT (node:internal/streams/destroy:169:8)
    at emitErrorCloseNT (node:internal/streams/destroy:128:3)
    at processTicksAndRejections (node:internal/process/task_queues:82:21)]]></failure>
    </testcase>
    <testcase name="auth-modes: [test/auth-modes.test.js] with default getTokenTransferMethod verifySession from behaviour table should match line 6 with a valid token" time="0.000" classname="should match line 6 with a valid token">
      <failure message="request to http://localhost:3567/recipe/multitenancy/app/v2 failed, reason: connect ECONNREFUSED 127.0.0.1:3567" type="FetchError"><![CDATA[FetchError: request to http://localhost:3567/recipe/multitenancy/app/v2 failed, reason: connect ECONNREFUSED 127.0.0.1:3567
    at ClientRequest.<anonymous> (node_modules/cross-fetch/node_modules/node-fetch/lib/index.js:1501:11)
    at ClientRequest.emit (node:events:524:28)
    at ClientRequest.emit (node:domain:489:12)
    at emitErrorEvent (node:_http_client:101:11)
    at Socket.socketErrorListener (node:_http_client:504:5)
    at Socket.emit (node:events:524:28)
    at Socket.emit (node:domain:489:12)
    at emitErrorNT (node:internal/streams/destroy:169:8)
    at emitErrorCloseNT (node:internal/streams/destroy:128:3)
    at processTicksAndRejections (node:internal/process/task_queues:82:21)]]></failure>
    </testcase>
    <testcase name="auth-modes: [test/auth-modes.test.js] with default getTokenTransferMethod verifySession from behaviour table should match line 6 with a expired token" time="0.002" classname="should match line 6 with a expired token">
      <failure message="request to http://localhost:3567/recipe/multitenancy/app/v2 failed, reason: connect ECONNREFUSED 127.0.0.1:3567" type="FetchError"><![CDATA[FetchError: request to http://localhost:3567/recipe/multitenancy/app/v2 failed, reason: connect ECONNREFUSED 127.0.0.1:3567
    at ClientRequest.<anonymous> (node_modules/cross-fetch/node_modules/node-fetch/lib/index.js:1501:11)
    at ClientRequest.emit (node:events:524:28)
    at ClientRequest.emit (node:domain:489:12)
    at emitErrorEvent (node:_http_client:101:11)
    at Socket.socketErrorListener (node:_http_client:504:5)
    at Socket.emit (node:events:524:28)
    at Socket.emit (node:domain:489:12)
    at emitErrorNT (node:internal/streams/destroy:169:8)
    at emitErrorCloseNT (node:internal/streams/destroy:128:3)
    at processTicksAndRejections (node:internal/process/task_queues:82:21)]]></failure>
    </testcase>
    <testcase name="auth-modes: [test/auth-modes.test.js] with default getTokenTransferMethod verifySession from behaviour table should match line 7 with a valid token" time="0.001" classname="should match line 7 with a valid token">
      <failure message="request to http://localhost:3567/recipe/multitenancy/app/v2 failed, reason: connect ECONNREFUSED 127.0.0.1:3567" type="FetchError"><![CDATA[FetchError: request to http://localhost:3567/recipe/multitenancy/app/v2 failed, reason: connect ECONNREFUSED 127.0.0.1:3567
    at ClientRequest.<anonymous> (node_modules/cross-fetch/node_modules/node-fetch/lib/index.js:1501:11)
    at ClientRequest.emit (node:events:524:28)
    at ClientRequest.emit (node:domain:489:12)
    at emitErrorEvent (node:_http_client:101:11)
    at Socket.socketErrorListener (node:_http_client:504:5)
    at Socket.emit (node:events:524:28)
    at Socket.emit (node:domain:489:12)
    at emitErrorNT (node:internal/streams/destroy:169:8)
    at emitErrorCloseNT (node:internal/streams/destroy:128:3)
    at processTicksAndRejections (node:internal/process/task_queues:82:21)]]></failure>
    </testcase>
    <testcase name="auth-modes: [test/auth-modes.test.js] with default getTokenTransferMethod verifySession from behaviour table should match line 7 with a expired token" time="0.000" classname="should match line 7 with a expired token">
      <failure message="request to http://localhost:3567/recipe/multitenancy/app/v2 failed, reason: connect ECONNREFUSED 127.0.0.1:3567" type="FetchError"><![CDATA[FetchError: request to http://localhost:3567/recipe/multitenancy/app/v2 failed, reason: connect ECONNREFUSED 127.0.0.1:3567
    at ClientRequest.<anonymous> (node_modules/cross-fetch/node_modules/node-fetch/lib/index.js:1501:11)
    at ClientRequest.emit (node:events:524:28)
    at ClientRequest.emit (node:domain:489:12)
    at emitErrorEvent (node:_http_client:101:11)
    at Socket.socketErrorListener (node:_http_client:504:5)
    at Socket.emit (node:events:524:28)
    at Socket.emit (node:domain:489:12)
    at emitErrorNT (node:internal/streams/destroy:169:8)
    at emitErrorCloseNT (node:internal/streams/destroy:128:3)
    at processTicksAndRejections (node:internal/process/task_queues:82:21)]]></failure>
    </testcase>
    <testcase name="auth-modes: [test/auth-modes.test.js] with default getTokenTransferMethod verifySession from behaviour table should match line 8 with a valid token" time="0.001" classname="should match line 8 with a valid token">
      <failure message="request to http://localhost:3567/recipe/multitenancy/app/v2 failed, reason: connect ECONNREFUSED 127.0.0.1:3567" type="FetchError"><![CDATA[FetchError: request to http://localhost:3567/recipe/multitenancy/app/v2 failed, reason: connect ECONNREFUSED 127.0.0.1:3567
    at ClientRequest.<anonymous> (node_modules/cross-fetch/node_modules/node-fetch/lib/index.js:1501:11)
    at ClientRequest.emit (node:events:524:28)
    at ClientRequest.emit (node:domain:489:12)
    at emitErrorEvent (node:_http_client:101:11)
    at Socket.socketErrorListener (node:_http_client:504:5)
    at Socket.emit (node:events:524:28)
    at Socket.emit (node:domain:489:12)
    at emitErrorNT (node:internal/streams/destroy:169:8)
    at emitErrorCloseNT (node:internal/streams/destroy:128:3)
    at processTicksAndRejections (node:internal/process/task_queues:82:21)]]></failure>
    </testcase>
    <testcase name="auth-modes: [test/auth-modes.test.js] with default getTokenTransferMethod verifySession from behaviour table should match line 8 with a expired token" time="0.000" classname="should match line 8 with a expired token">
      <failure message="request to http://localhost:3567/recipe/multitenancy/app/v2 failed, reason: connect ECONNREFUSED 127.0.0.1:3567" type="FetchError"><![CDATA[FetchError: request to http://localhost:3567/recipe/multitenancy/app/v2 failed, reason: connect ECONNREFUSED 127.0.0.1:3567
    at ClientRequest.<anonymous> (node_modules/cross-fetch/node_modules/node-fetch/lib/index.js:1501:11)
    at ClientRequest.emit (node:events:524:28)
    at ClientRequest.emit (node:domain:489:12)
    at emitErrorEvent (node:_http_client:101:11)
    at Socket.socketErrorListener (node:_http_client:504:5)
    at Socket.emit (node:events:524:28)
    at Socket.emit (node:domain:489:12)
    at emitErrorNT (node:internal/streams/destroy:169:8)
    at emitErrorCloseNT (node:internal/streams/destroy:128:3)
    at processTicksAndRejections (node:internal/process/task_queues:82:21)]]></failure>
    </testcase>
    <testcase name="auth-modes: [test/auth-modes.test.js] with default getTokenTransferMethod verifySession from behaviour table should match line 9 with a valid token" time="0.000" classname="should match line 9 with a valid token">
      <failure message="request to http://localhost:3567/recipe/multitenancy/app/v2 failed, reason: connect ECONNREFUSED 127.0.0.1:3567" type="FetchError"><![CDATA[FetchError: request to http://localhost:3567/recipe/multitenancy/app/v2 failed, reason: connect ECONNREFUSED 127.0.0.1:3567
    at ClientRequest.<anonymous> (node_modules/cross-fetch/node_modules/node-fetch/lib/index.js:1501:11)
    at ClientRequest.emit (node:events:524:28)
    at ClientRequest.emit (node:domain:489:12)
    at emitErrorEvent (node:_http_client:101:11)
    at Socket.socketErrorListener (node:_http_client:504:5)
    at Socket.emit (node:events:524:28)
    at Socket.emit (node:domain:489:12)
    at emitErrorNT (node:internal/streams/destroy:169:8)
    at emitErrorCloseNT (node:internal/streams/destroy:128:3)
    at processTicksAndRejections (node:internal/process/task_queues:82:21)]]></failure>
    </testcase>
    <testcase name="auth-modes: [test/auth-modes.test.js] with default getTokenTransferMethod verifySession from behaviour table should match line 9 with a expired token" time="0.001" classname="should match line 9 with a expired token">
      <failure message="request to http://localhost:3567/recipe/multitenancy/app/v2 failed, reason: connect ECONNREFUSED 127.0.0.1:3567" type="FetchError"><![CDATA[FetchError: request to http://localhost:3567/recipe/multitenancy/app/v2 failed, reason: connect ECONNREFUSED 127.0.0.1:3567
    at ClientRequest.<anonymous> (node_modules/cross-fetch/node_modules/node-fetch/lib/index.js:1501:11)
    at ClientRequest.emit (node:events:524:28)
    at ClientRequest.emit (node:domain:489:12)
    at emitErrorEvent (node:_http_client:101:11)
    at Socket.socketErrorListener (node:_http_client:504:5)
    at Socket.emit (node:events:524:28)
    at Socket.emit (node:domain:489:12)
    at emitErrorNT (node:internal/streams/destroy:169:8)
    at emitErrorCloseNT (node:internal/streams/destroy:128:3)
    at processTicksAndRejections (node:internal/process/task_queues:82:21)]]></failure>
    </testcase>
    <testcase name="auth-modes: [test/auth-modes.test.js] with default getTokenTransferMethod verifySession from behaviour table should match line 10 with a valid token" time="0.000" classname="should match line 10 with a valid token">
      <failure message="request to http://localhost:3567/recipe/multitenancy/app/v2 failed, reason: connect ECONNREFUSED 127.0.0.1:3567" type="FetchError"><![CDATA[FetchError: request to http://localhost:3567/recipe/multitenancy/app/v2 failed, reason: connect ECONNREFUSED 127.0.0.1:3567
    at ClientRequest.<anonymous> (node_modules/cross-fetch/node_modules/node-fetch/lib/index.js:1501:11)
    at ClientRequest.emit (node:events:524:28)
    at ClientRequest.emit (node:domain:489:12)
    at emitErrorEvent (node:_http_client:101:11)
    at Socket.socketErrorListener (node:_http_client:504:5)
    at Socket.emit (node:events:524:28)
    at Socket.emit (node:domain:489:12)
    at emitErrorNT (node:internal/streams/destroy:169:8)
    at emitErrorCloseNT (node:internal/streams/destroy:128:3)
    at processTicksAndRejections (node:internal/process/task_queues:82:21)]]></failure>
    </testcase>
    <testcase name="auth-modes: [test/auth-modes.test.js] with default getTokenTransferMethod verifySession from behaviour table should match line 10 with a expired token" time="0.001" classname="should match line 10 with a expired token">
      <failure message="request to http://localhost:3567/recipe/multitenancy/app/v2 failed, reason: connect ECONNREFUSED 127.0.0.1:3567" type="FetchError"><![CDATA[FetchError: request to http://localhost:3567/recipe/multitenancy/app/v2 failed, reason: connect ECONNREFUSED 127.0.0.1:3567
    at ClientRequest.<anonymous> (node_modules/cross-fetch/node_modules/node-fetch/lib/index.js:1501:11)
    at ClientRequest.emit (node:events:524:28)
    at ClientRequest.emit (node:domain:489:12)
    at emitErrorEvent (node:_http_client:101:11)
    at Socket.socketErrorListener (node:_http_client:504:5)
    at Socket.emit (node:events:524:28)
    at Socket.emit (node:domain:489:12)
    at emitErrorNT (node:internal/streams/destroy:169:8)
    at emitErrorCloseNT (node:internal/streams/destroy:128:3)
    at processTicksAndRejections (node:internal/process/task_queues:82:21)]]></failure>
    </testcase>
    <testcase name="auth-modes: [test/auth-modes.test.js] with default getTokenTransferMethod verifySession from behaviour table should match line 11 with a valid token" time="0.002" classname="should match line 11 with a valid token">
      <failure message="request to http://localhost:3567/recipe/multitenancy/app/v2 failed, reason: connect ECONNREFUSED 127.0.0.1:3567" type="FetchError"><![CDATA[FetchError: request to http://localhost:3567/recipe/multitenancy/app/v2 failed, reason: connect ECONNREFUSED 127.0.0.1:3567
    at ClientRequest.<anonymous> (node_modules/cross-fetch/node_modules/node-fetch/lib/index.js:1501:11)
    at ClientRequest.emit (node:events:524:28)
    at ClientRequest.emit (node:domain:489:12)
    at emitErrorEvent (node:_http_client:101:11)
    at Socket.socketErrorListener (node:_http_client:504:5)
    at Socket.emit (node:events:524:28)
    at Socket.emit (node:domain:489:12)
    at emitErrorNT (node:internal/streams/destroy:169:8)
    at emitErrorCloseNT (node:internal/streams/destroy:128:3)
    at processTicksAndRejections (node:internal/process/task_queues:82:21)]]></failure>
    </testcase>
    <testcase name="auth-modes: [test/auth-modes.test.js] with default getTokenTransferMethod verifySession from behaviour table should match line 11 with a expired token" time="0.000" classname="should match line 11 with a expired token">
      <failure message="request to http://localhost:3567/recipe/multitenancy/app/v2 failed, reason: connect ECONNREFUSED 127.0.0.1:3567" type="FetchError"><![CDATA[FetchError: request to http://localhost:3567/recipe/multitenancy/app/v2 failed, reason: connect ECONNREFUSED 127.0.0.1:3567
    at ClientRequest.<anonymous> (node_modules/cross-fetch/node_modules/node-fetch/lib/index.js:1501:11)
    at ClientRequest.emit (node:events:524:28)
    at ClientRequest.emit (node:domain:489:12)
    at emitErrorEvent (node:_http_client:101:11)
    at Socket.socketErrorListener (node:_http_client:504:5)
    at Socket.emit (node:events:524:28)
    at Socket.emit (node:domain:489:12)
    at emitErrorNT (node:internal/streams/destroy:169:8)
    at emitErrorCloseNT (node:internal/streams/destroy:128:3)
    at processTicksAndRejections (node:internal/process/task_queues:82:21)]]></failure>
    </testcase>
    <testcase name="auth-modes: [test/auth-modes.test.js] with default getTokenTransferMethod verifySession from behaviour table should match line 12 with a valid token" time="0.001" classname="should match line 12 with a valid token">
      <failure message="request to http://localhost:3567/recipe/multitenancy/app/v2 failed, reason: connect ECONNREFUSED 127.0.0.1:3567" type="FetchError"><![CDATA[FetchError: request to http://localhost:3567/recipe/multitenancy/app/v2 failed, reason: connect ECONNREFUSED 127.0.0.1:3567
    at ClientRequest.<anonymous> (node_modules/cross-fetch/node_modules/node-fetch/lib/index.js:1501:11)
    at ClientRequest.emit (node:events:524:28)
    at ClientRequest.emit (node:domain:489:12)
    at emitErrorEvent (node:_http_client:101:11)
    at Socket.socketErrorListener (node:_http_client:504:5)
    at Socket.emit (node:events:524:28)
    at Socket.emit (node:domain:489:12)
    at emitErrorNT (node:internal/streams/destroy:169:8)
    at emitErrorCloseNT (node:internal/streams/destroy:128:3)
    at processTicksAndRejections (node:internal/process/task_queues:82:21)]]></failure>
    </testcase>
    <testcase name="auth-modes: [test/auth-modes.test.js] with default getTokenTransferMethod verifySession from behaviour table should match line 12 with a expired token" time="0.000" classname="should match line 12 with a expired token">
      <failure message="request to http://localhost:3567/recipe/multitenancy/app/v2 failed, reason: connect ECONNREFUSED 127.0.0.1:3567" type="FetchError"><![CDATA[FetchError: request to http://localhost:3567/recipe/multitenancy/app/v2 failed, reason: connect ECONNREFUSED 127.0.0.1:3567
    at ClientRequest.<anonymous> (node_modules/cross-fetch/node_modules/node-fetch/lib/index.js:1501:11)
    at ClientRequest.emit (node:events:524:28)
    at ClientRequest.emit (node:domain:489:12)
    at emitErrorEvent (node:_http_client:101:11)
    at Socket.socketErrorListener (node:_http_client:504:5)
    at Socket.emit (node:events:524:28)
    at Socket.emit (node:domain:489:12)
    at emitErrorNT (node:internal/streams/destroy:169:8)
    at emitErrorCloseNT (node:internal/streams/destroy:128:3)
    at processTicksAndRejections (node:internal/process/task_queues:82:21)]]></failure>
    </testcase>
    <testcase name="auth-modes: [test/auth-modes.test.js] with default getTokenTransferMethod verifySession from behaviour table should match line 13 with a valid token" time="0.000" classname="should match line 13 with a valid token">
      <failure message="request to http://localhost:3567/recipe/multitenancy/app/v2 failed, reason: connect ECONNREFUSED 127.0.0.1:3567" type="FetchError"><![CDATA[FetchError: request to http://localhost:3567/recipe/multitenancy/app/v2 failed, reason: connect ECONNREFUSED 127.0.0.1:3567
    at ClientRequest.<anonymous> (node_modules/cross-fetch/node_modules/node-fetch/lib/index.js:1501:11)
    at ClientRequest.emit (node:events:524:28)
    at ClientRequest.emit (node:domain:489:12)
    at emitErrorEvent (node:_http_client:101:11)
    at Socket.socketErrorListener (node:_http_client:504:5)
    at Socket.emit (node:events:524:28)
    at Socket.emit (node:domain:489:12)
    at emitErrorNT (node:internal/streams/destroy:169:8)
    at emitErrorCloseNT (node:internal/streams/destroy:128:3)
    at processTicksAndRejections (node:internal/process/task_queues:82:21)]]></failure>
    </testcase>
    <testcase name="auth-modes: [test/auth-modes.test.js] with default getTokenTransferMethod verifySession from behaviour table should match line 13 with a expired token" time="0.001" classname="should match line 13 with a expired token">
      <failure message="request to http://localhost:3567/recipe/multitenancy/app/v2 failed, reason: connect ECONNREFUSED 127.0.0.1:3567" type="FetchError"><![CDATA[FetchError: request to http://localhost:3567/recipe/multitenancy/app/v2 failed, reason: connect ECONNREFUSED 127.0.0.1:3567
    at ClientRequest.<anonymous> (node_modules/cross-fetch/node_modules/node-fetch/lib/index.js:1501:11)
    at ClientRequest.emit (node:events:524:28)
    at ClientRequest.emit (node:domain:489:12)
    at emitErrorEvent (node:_http_client:101:11)
    at Socket.socketErrorListener (node:_http_client:504:5)
    at Socket.emit (node:events:524:28)
    at Socket.emit (node:domain:489:12)
    at emitErrorNT (node:internal/streams/destroy:169:8)
    at emitErrorCloseNT (node:internal/streams/destroy:128:3)
    at processTicksAndRejections (node:internal/process/task_queues:82:21)]]></failure>
    </testcase>
    <testcase name="auth-modes: [test/auth-modes.test.js] with default getTokenTransferMethod verifySession from behaviour table should match line 14 with a valid token" time="0.001" classname="should match line 14 with a valid token">
      <failure message="request to http://localhost:3567/recipe/multitenancy/app/v2 failed, reason: connect ECONNREFUSED 127.0.0.1:3567" type="FetchError"><![CDATA[FetchError: request to http://localhost:3567/recipe/multitenancy/app/v2 failed, reason: connect ECONNREFUSED 127.0.0.1:3567
    at ClientRequest.<anonymous> (node_modules/cross-fetch/node_modules/node-fetch/lib/index.js:1501:11)
    at ClientRequest.emit (node:events:524:28)
    at ClientRequest.emit (node:domain:489:12)
    at emitErrorEvent (node:_http_client:101:11)
    at Socket.socketErrorListener (node:_http_client:504:5)
    at Socket.emit (node:events:524:28)
    at Socket.emit (node:domain:489:12)
    at emitErrorNT (node:internal/streams/destroy:169:8)
    at emitErrorCloseNT (node:internal/streams/destroy:128:3)
    at processTicksAndRejections (node:internal/process/task_queues:82:21)]]></failure>
    </testcase>
    <testcase name="auth-modes: [test/auth-modes.test.js] with default getTokenTransferMethod verifySession from behaviour table should match line 14 with a expired token" time="0.000" classname="should match line 14 with a expired token">
      <failure message="request to http://localhost:3567/recipe/multitenancy/app/v2 failed, reason: connect ECONNREFUSED 127.0.0.1:3567" type="FetchError"><![CDATA[FetchError: request to http://localhost:3567/recipe/multitenancy/app/v2 failed, reason: connect ECONNREFUSED 127.0.0.1:3567
    at ClientRequest.<anonymous> (node_modules/cross-fetch/node_modules/node-fetch/lib/index.js:1501:11)
    at ClientRequest.emit (node:events:524:28)
    at ClientRequest.emit (node:domain:489:12)
    at emitErrorEvent (node:_http_client:101:11)
    at Socket.socketErrorListener (node:_http_client:504:5)
    at Socket.emit (node:events:524:28)
    at Socket.emit (node:domain:489:12)
    at emitErrorNT (node:internal/streams/destroy:169:8)
    at emitErrorCloseNT (node:internal/streams/destroy:128:3)
    at processTicksAndRejections (node:internal/process/task_queues:82:21)]]></failure>
    </testcase>
    <testcase name="auth-modes: [test/auth-modes.test.js] with default getTokenTransferMethod verifySession from behaviour table should match line 15 with a valid token" time="0.001" classname="should match line 15 with a valid token">
      <failure message="request to http://localhost:3567/recipe/multitenancy/app/v2 failed, reason: connect ECONNREFUSED 127.0.0.1:3567" type="FetchError"><![CDATA[FetchError: request to http://localhost:3567/recipe/multitenancy/app/v2 failed, reason: connect ECONNREFUSED 127.0.0.1:3567
    at ClientRequest.<anonymous> (node_modules/cross-fetch/node_modules/node-fetch/lib/index.js:1501:11)
    at ClientRequest.emit (node:events:524:28)
    at ClientRequest.emit (node:domain:489:12)
    at emitErrorEvent (node:_http_client:101:11)
    at Socket.socketErrorListener (node:_http_client:504:5)
    at Socket.emit (node:events:524:28)
    at Socket.emit (node:domain:489:12)
    at emitErrorNT (node:internal/streams/destroy:169:8)
    at emitErrorCloseNT (node:internal/streams/destroy:128:3)
    at processTicksAndRejections (node:internal/process/task_queues:82:21)]]></failure>
    </testcase>
    <testcase name="auth-modes: [test/auth-modes.test.js] with default getTokenTransferMethod verifySession from behaviour table should match line 15 with a expired token" time="0.001" classname="should match line 15 with a expired token">
      <failure message="request to http://localhost:3567/recipe/multitenancy/app/v2 failed, reason: connect ECONNREFUSED 127.0.0.1:3567" type="FetchError"><![CDATA[FetchError: request to http://localhost:3567/recipe/multitenancy/app/v2 failed, reason: connect ECONNREFUSED 127.0.0.1:3567
    at ClientRequest.<anonymous> (node_modules/cross-fetch/node_modules/node-fetch/lib/index.js:1501:11)
    at ClientRequest.emit (node:events:524:28)
    at ClientRequest.emit (node:domain:489:12)
    at emitErrorEvent (node:_http_client:101:11)
    at Socket.socketErrorListener (node:_http_client:504:5)
    at Socket.emit (node:events:524:28)
    at Socket.emit (node:domain:489:12)
    at emitErrorNT (node:internal/streams/destroy:169:8)
    at emitErrorCloseNT (node:internal/streams/destroy:128:3)
    at processTicksAndRejections (node:internal/process/task_queues:82:21)]]></failure>
    </testcase>
    <testcase name="auth-modes: [test/auth-modes.test.js] with default getTokenTransferMethod verifySession from behaviour table should match line 16 with a valid token" time="0.000" classname="should match line 16 with a valid token">
      <failure message="request to http://localhost:3567/recipe/multitenancy/app/v2 failed, reason: connect ECONNREFUSED 127.0.0.1:3567" type="FetchError"><![CDATA[FetchError: request to http://localhost:3567/recipe/multitenancy/app/v2 failed, reason: connect ECONNREFUSED 127.0.0.1:3567
    at ClientRequest.<anonymous> (node_modules/cross-fetch/node_modules/node-fetch/lib/index.js:1501:11)
    at ClientRequest.emit (node:events:524:28)
    at ClientRequest.emit (node:domain:489:12)
    at emitErrorEvent (node:_http_client:101:11)
    at Socket.socketErrorListener (node:_http_client:504:5)
    at Socket.emit (node:events:524:28)
    at Socket.emit (node:domain:489:12)
    at emitErrorNT (node:internal/streams/destroy:169:8)
    at emitErrorCloseNT (node:internal/streams/destroy:128:3)
    at processTicksAndRejections (node:internal/process/task_queues:82:21)]]></failure>
    </testcase>
    <testcase name="auth-modes: [test/auth-modes.test.js] with default getTokenTransferMethod verifySession from behaviour table should match line 16 with a expired token" time="0.000" classname="should match line 16 with a expired token">
      <failure message="request to http://localhost:3567/recipe/multitenancy/app/v2 failed, reason: connect ECONNREFUSED 127.0.0.1:3567" type="FetchError"><![CDATA[FetchError: request to http://localhost:3567/recipe/multitenancy/app/v2 failed, reason: connect ECONNREFUSED 127.0.0.1:3567
    at ClientRequest.<anonymous> (node_modules/cross-fetch/node_modules/node-fetch/lib/index.js:1501:11)
    at ClientRequest.emit (node:events:524:28)
    at ClientRequest.emit (node:domain:489:12)
    at emitErrorEvent (node:_http_client:101:11)
    at Socket.socketErrorListener (node:_http_client:504:5)
    at Socket.emit (node:events:524:28)
    at Socket.emit (node:domain:489:12)
    at emitErrorNT (node:internal/streams/destroy:169:8)
    at emitErrorCloseNT (node:internal/streams/destroy:128:3)
    at processTicksAndRejections (node:internal/process/task_queues:82:21)]]></failure>
    </testcase>
    <testcase name="auth-modes: [test/auth-modes.test.js] with default getTokenTransferMethod verifySession from behaviour table should match line 17 with a valid token" time="0.001" classname="should match line 17 with a valid token">
      <failure message="request to http://localhost:3567/recipe/multitenancy/app/v2 failed, reason: connect ECONNREFUSED 127.0.0.1:3567" type="FetchError"><![CDATA[FetchError: request to http://localhost:3567/recipe/multitenancy/app/v2 failed, reason: connect ECONNREFUSED 127.0.0.1:3567
    at ClientRequest.<anonymous> (node_modules/cross-fetch/node_modules/node-fetch/lib/index.js:1501:11)
    at ClientRequest.emit (node:events:524:28)
    at ClientRequest.emit (node:domain:489:12)
    at emitErrorEvent (node:_http_client:101:11)
    at Socket.socketErrorListener (node:_http_client:504:5)
    at Socket.emit (node:events:524:28)
    at Socket.emit (node:domain:489:12)
    at emitErrorNT (node:internal/streams/destroy:169:8)
    at emitErrorCloseNT (node:internal/streams/destroy:128:3)
    at processTicksAndRejections (node:internal/process/task_queues:82:21)]]></failure>
    </testcase>
    <testcase name="auth-modes: [test/auth-modes.test.js] with default getTokenTransferMethod verifySession from behaviour table should match line 17 with a expired token" time="0.001" classname="should match line 17 with a expired token">
      <failure message="request to http://localhost:3567/recipe/multitenancy/app/v2 failed, reason: connect ECONNREFUSED 127.0.0.1:3567" type="FetchError"><![CDATA[FetchError: request to http://localhost:3567/recipe/multitenancy/app/v2 failed, reason: connect ECONNREFUSED 127.0.0.1:3567
    at ClientRequest.<anonymous> (node_modules/cross-fetch/node_modules/node-fetch/lib/index.js:1501:11)
    at ClientRequest.emit (node:events:524:28)
    at ClientRequest.emit (node:domain:489:12)
    at emitErrorEvent (node:_http_client:101:11)
    at Socket.socketErrorListener (node:_http_client:504:5)
    at Socket.emit (node:events:524:28)
    at Socket.emit (node:domain:489:12)
    at emitErrorNT (node:internal/streams/destroy:169:8)
    at emitErrorCloseNT (node:internal/streams/destroy:128:3)
    at processTicksAndRejections (node:internal/process/task_queues:82:21)]]></failure>
    </testcase>
    <testcase name="auth-modes: [test/auth-modes.test.js] with default getTokenTransferMethod verifySession from behaviour table should match line 18 with a valid token" time="0.000" classname="should match line 18 with a valid token">
      <failure message="request to http://localhost:3567/recipe/multitenancy/app/v2 failed, reason: connect ECONNREFUSED 127.0.0.1:3567" type="FetchError"><![CDATA[FetchError: request to http://localhost:3567/recipe/multitenancy/app/v2 failed, reason: connect ECONNREFUSED 127.0.0.1:3567
    at ClientRequest.<anonymous> (node_modules/cross-fetch/node_modules/node-fetch/lib/index.js:1501:11)
    at ClientRequest.emit (node:events:524:28)
    at ClientRequest.emit (node:domain:489:12)
    at emitErrorEvent (node:_http_client:101:11)
    at Socket.socketErrorListener (node:_http_client:504:5)
    at Socket.emit (node:events:524:28)
    at Socket.emit (node:domain:489:12)
    at emitErrorNT (node:internal/streams/destroy:169:8)
    at emitErrorCloseNT (node:internal/streams/destroy:128:3)
    at processTicksAndRejections (node:internal/process/task_queues:82:21)]]></failure>
    </testcase>
    <testcase name="auth-modes: [test/auth-modes.test.js] with default getTokenTransferMethod verifySession from behaviour table should match line 18 with a expired token" time="0.001" classname="should match line 18 with a expired token">
      <failure message="request to http://localhost:3567/recipe/multitenancy/app/v2 failed, reason: connect ECONNREFUSED 127.0.0.1:3567" type="FetchError"><![CDATA[FetchError: request to http://localhost:3567/recipe/multitenancy/app/v2 failed, reason: connect ECONNREFUSED 127.0.0.1:3567
    at ClientRequest.<anonymous> (node_modules/cross-fetch/node_modules/node-fetch/lib/index.js:1501:11)
    at ClientRequest.emit (node:events:524:28)
    at ClientRequest.emit (node:domain:489:12)
    at emitErrorEvent (node:_http_client:101:11)
    at Socket.socketErrorListener (node:_http_client:504:5)
    at Socket.emit (node:events:524:28)
    at Socket.emit (node:domain:489:12)
    at emitErrorNT (node:internal/streams/destroy:169:8)
    at emitErrorCloseNT (node:internal/streams/destroy:128:3)
    at processTicksAndRejections (node:internal/process/task_queues:82:21)]]></failure>
    </testcase>
    <testcase name="auth-modes: [test/auth-modes.test.js] with default getTokenTransferMethod verifySession from behaviour table should match line 19 with a valid token" time="0.001" classname="should match line 19 with a valid token">
      <failure message="request to http://localhost:3567/recipe/multitenancy/app/v2 failed, reason: connect ECONNREFUSED 127.0.0.1:3567" type="FetchError"><![CDATA[FetchError: request to http://localhost:3567/recipe/multitenancy/app/v2 failed, reason: connect ECONNREFUSED 127.0.0.1:3567
    at ClientRequest.<anonymous> (node_modules/cross-fetch/node_modules/node-fetch/lib/index.js:1501:11)
    at ClientRequest.emit (node:events:524:28)
    at ClientRequest.emit (node:domain:489:12)
    at emitErrorEvent (node:_http_client:101:11)
    at Socket.socketErrorListener (node:_http_client:504:5)
    at Socket.emit (node:events:524:28)
    at Socket.emit (node:domain:489:12)
    at emitErrorNT (node:internal/streams/destroy:169:8)
    at emitErrorCloseNT (node:internal/streams/destroy:128:3)
    at processTicksAndRejections (node:internal/process/task_queues:82:21)]]></failure>
    </testcase>
    <testcase name="auth-modes: [test/auth-modes.test.js] with default getTokenTransferMethod verifySession from behaviour table should match line 19 with a expired token" time="0.000" classname="should match line 19 with a expired token">
      <failure message="request to http://localhost:3567/recipe/multitenancy/app/v2 failed, reason: connect ECONNREFUSED 127.0.0.1:3567" type="FetchError"><![CDATA[FetchError: request to http://localhost:3567/recipe/multitenancy/app/v2 failed, reason: connect ECONNREFUSED 127.0.0.1:3567
    at ClientRequest.<anonymous> (node_modules/cross-fetch/node_modules/node-fetch/lib/index.js:1501:11)
    at ClientRequest.emit (node:events:524:28)
    at ClientRequest.emit (node:domain:489:12)
    at emitErrorEvent (node:_http_client:101:11)
    at Socket.socketErrorListener (node:_http_client:504:5)
    at Socket.emit (node:events:524:28)
    at Socket.emit (node:domain:489:12)
    at emitErrorNT (node:internal/streams/destroy:169:8)
    at emitErrorCloseNT (node:internal/streams/destroy:128:3)
    at processTicksAndRejections (node:internal/process/task_queues:82:21)]]></failure>
    </testcase>
    <testcase name="auth-modes: [test/auth-modes.test.js] with default getTokenTransferMethod verifySession from behaviour table should match line 20 with a valid token" time="0.000" classname="should match line 20 with a valid token">
      <failure message="request to http://localhost:3567/recipe/multitenancy/app/v2 failed, reason: connect ECONNREFUSED 127.0.0.1:3567" type="FetchError"><![CDATA[FetchError: request to http://localhost:3567/recipe/multitenancy/app/v2 failed, reason: connect ECONNREFUSED 127.0.0.1:3567
    at ClientRequest.<anonymous> (node_modules/cross-fetch/node_modules/node-fetch/lib/index.js:1501:11)
    at ClientRequest.emit (node:events:524:28)
    at ClientRequest.emit (node:domain:489:12)
    at emitErrorEvent (node:_http_client:101:11)
    at Socket.socketErrorListener (node:_http_client:504:5)
    at Socket.emit (node:events:524:28)
    at Socket.emit (node:domain:489:12)
    at emitErrorNT (node:internal/streams/destroy:169:8)
    at emitErrorCloseNT (node:internal/streams/destroy:128:3)
    at processTicksAndRejections (node:internal/process/task_queues:82:21)]]></failure>
    </testcase>
    <testcase name="auth-modes: [test/auth-modes.test.js] with default getTokenTransferMethod verifySession from behaviour table should match line 20 with a expired token" time="0.001" classname="should match line 20 with a expired token">
      <failure message="request to http://localhost:3567/recipe/multitenancy/app/v2 failed, reason: connect ECONNREFUSED 127.0.0.1:3567" type="FetchError"><![CDATA[FetchError: request to http://localhost:3567/recipe/multitenancy/app/v2 failed, reason: connect ECONNREFUSED 127.0.0.1:3567
    at ClientRequest.<anonymous> (node_modules/cross-fetch/node_modules/node-fetch/lib/index.js:1501:11)
    at ClientRequest.emit (node:events:524:28)
    at ClientRequest.emit (node:domain:489:12)
    at emitErrorEvent (node:_http_client:101:11)
    at Socket.socketErrorListener (node:_http_client:504:5)
    at Socket.emit (node:events:524:28)
    at Socket.emit (node:domain:489:12)
    at emitErrorNT (node:internal/streams/destroy:169:8)
    at emitErrorCloseNT (node:internal/streams/destroy:128:3)
    at processTicksAndRejections (node:internal/process/task_queues:82:21)]]></failure>
    </testcase>
    <testcase name="auth-modes: [test/auth-modes.test.js] with default getTokenTransferMethod verifySession from behaviour table should match line 21 with a valid token" time="0.001" classname="should match line 21 with a valid token">
      <failure message="request to http://localhost:3567/recipe/multitenancy/app/v2 failed, reason: connect ECONNREFUSED 127.0.0.1:3567" type="FetchError"><![CDATA[FetchError: request to http://localhost:3567/recipe/multitenancy/app/v2 failed, reason: connect ECONNREFUSED 127.0.0.1:3567
    at ClientRequest.<anonymous> (node_modules/cross-fetch/node_modules/node-fetch/lib/index.js:1501:11)
    at ClientRequest.emit (node:events:524:28)
    at ClientRequest.emit (node:domain:489:12)
    at emitErrorEvent (node:_http_client:101:11)
    at Socket.socketErrorListener (node:_http_client:504:5)
    at Socket.emit (node:events:524:28)
    at Socket.emit (node:domain:489:12)
    at emitErrorNT (node:internal/streams/destroy:169:8)
    at emitErrorCloseNT (node:internal/streams/destroy:128:3)
    at processTicksAndRejections (node:internal/process/task_queues:82:21)]]></failure>
    </testcase>
    <testcase name="auth-modes: [test/auth-modes.test.js] with default getTokenTransferMethod verifySession from behaviour table should match line 21 with a expired token" time="0.000" classname="should match line 21 with a expired token">
      <failure message="request to http://localhost:3567/recipe/multitenancy/app/v2 failed, reason: connect ECONNREFUSED 127.0.0.1:3567" type="FetchError"><![CDATA[FetchError: request to http://localhost:3567/recipe/multitenancy/app/v2 failed, reason: connect ECONNREFUSED 127.0.0.1:3567
    at ClientRequest.<anonymous> (node_modules/cross-fetch/node_modules/node-fetch/lib/index.js:1501:11)
    at ClientRequest.emit (node:events:524:28)
    at ClientRequest.emit (node:domain:489:12)
    at emitErrorEvent (node:_http_client:101:11)
    at Socket.socketErrorListener (node:_http_client:504:5)
    at Socket.emit (node:events:524:28)
    at Socket.emit (node:domain:489:12)
    at emitErrorNT (node:internal/streams/destroy:169:8)
    at emitErrorCloseNT (node:internal/streams/destroy:128:3)
    at processTicksAndRejections (node:internal/process/task_queues:82:21)]]></failure>
    </testcase>
    <testcase name="auth-modes: [test/auth-modes.test.js] with default getTokenTransferMethod verifySession from behaviour table should match line 22 with a valid token" time="0.002" classname="should match line 22 with a valid token">
      <failure message="request to http://localhost:3567/recipe/multitenancy/app/v2 failed, reason: connect ECONNREFUSED 127.0.0.1:3567" type="FetchError"><![CDATA[FetchError: request to http://localhost:3567/recipe/multitenancy/app/v2 failed, reason: connect ECONNREFUSED 127.0.0.1:3567
    at ClientRequest.<anonymous> (node_modules/cross-fetch/node_modules/node-fetch/lib/index.js:1501:11)
    at ClientRequest.emit (node:events:524:28)
    at ClientRequest.emit (node:domain:489:12)
    at emitErrorEvent (node:_http_client:101:11)
    at Socket.socketErrorListener (node:_http_client:504:5)
    at Socket.emit (node:events:524:28)
    at Socket.emit (node:domain:489:12)
    at emitErrorNT (node:internal/streams/destroy:169:8)
    at emitErrorCloseNT (node:internal/streams/destroy:128:3)
    at processTicksAndRejections (node:internal/process/task_queues:82:21)]]></failure>
    </testcase>
    <testcase name="auth-modes: [test/auth-modes.test.js] with default getTokenTransferMethod verifySession from behaviour table should match line 22 with a expired token" time="0.001" classname="should match line 22 with a expired token">
      <failure message="request to http://localhost:3567/recipe/multitenancy/app/v2 failed, reason: connect ECONNREFUSED 127.0.0.1:3567" type="FetchError"><![CDATA[FetchError: request to http://localhost:3567/recipe/multitenancy/app/v2 failed, reason: connect ECONNREFUSED 127.0.0.1:3567
    at ClientRequest.<anonymous> (node_modules/cross-fetch/node_modules/node-fetch/lib/index.js:1501:11)
    at ClientRequest.emit (node:events:524:28)
    at ClientRequest.emit (node:domain:489:12)
    at emitErrorEvent (node:_http_client:101:11)
    at Socket.socketErrorListener (node:_http_client:504:5)
    at Socket.emit (node:events:524:28)
    at Socket.emit (node:domain:489:12)
    at emitErrorNT (node:internal/streams/destroy:169:8)
    at emitErrorCloseNT (node:internal/streams/destroy:128:3)
    at processTicksAndRejections (node:internal/process/task_queues:82:21)]]></failure>
    </testcase>
    <testcase name="auth-modes: [test/auth-modes.test.js] with default getTokenTransferMethod verifySession from behaviour table should match line 23 with a valid token" time="0.000" classname="should match line 23 with a valid token">
      <failure message="request to http://localhost:3567/recipe/multitenancy/app/v2 failed, reason: connect ECONNREFUSED 127.0.0.1:3567" type="FetchError"><![CDATA[FetchError: request to http://localhost:3567/recipe/multitenancy/app/v2 failed, reason: connect ECONNREFUSED 127.0.0.1:3567
    at ClientRequest.<anonymous> (node_modules/cross-fetch/node_modules/node-fetch/lib/index.js:1501:11)
    at ClientRequest.emit (node:events:524:28)
    at ClientRequest.emit (node:domain:489:12)
    at emitErrorEvent (node:_http_client:101:11)
    at Socket.socketErrorListener (node:_http_client:504:5)
    at Socket.emit (node:events:524:28)
    at Socket.emit (node:domain:489:12)
    at emitErrorNT (node:internal/streams/destroy:169:8)
    at emitErrorCloseNT (node:internal/streams/destroy:128:3)
    at processTicksAndRejections (node:internal/process/task_queues:82:21)]]></failure>
    </testcase>
    <testcase name="auth-modes: [test/auth-modes.test.js] with default getTokenTransferMethod verifySession from behaviour table should match line 23 with a expired token" time="0.001" classname="should match line 23 with a expired token">
      <failure message="request to http://localhost:3567/recipe/multitenancy/app/v2 failed, reason: connect ECONNREFUSED 127.0.0.1:3567" type="FetchError"><![CDATA[FetchError: request to http://localhost:3567/recipe/multitenancy/app/v2 failed, reason: connect ECONNREFUSED 127.0.0.1:3567
    at ClientRequest.<anonymous> (node_modules/cross-fetch/node_modules/node-fetch/lib/index.js:1501:11)
    at ClientRequest.emit (node:events:524:28)
    at ClientRequest.emit (node:domain:489:12)
    at emitErrorEvent (node:_http_client:101:11)
    at Socket.socketErrorListener (node:_http_client:504:5)
    at Socket.emit (node:events:524:28)
    at Socket.emit (node:domain:489:12)
    at emitErrorNT (node:internal/streams/destroy:169:8)
    at emitErrorCloseNT (node:internal/streams/destroy:128:3)
    at processTicksAndRejections (node:internal/process/task_queues:82:21)]]></failure>
    </testcase>
    <testcase name="auth-modes: [test/auth-modes.test.js] with default getTokenTransferMethod verifySession from behaviour table should match line 24 with a valid token" time="0.001" classname="should match line 24 with a valid token">
      <failure message="request to http://localhost:3567/recipe/multitenancy/app/v2 failed, reason: connect ECONNREFUSED 127.0.0.1:3567" type="FetchError"><![CDATA[FetchError: request to http://localhost:3567/recipe/multitenancy/app/v2 failed, reason: connect ECONNREFUSED 127.0.0.1:3567
    at ClientRequest.<anonymous> (node_modules/cross-fetch/node_modules/node-fetch/lib/index.js:1501:11)
    at ClientRequest.emit (node:events:524:28)
    at ClientRequest.emit (node:domain:489:12)
    at emitErrorEvent (node:_http_client:101:11)
    at Socket.socketErrorListener (node:_http_client:504:5)
    at Socket.emit (node:events:524:28)
    at Socket.emit (node:domain:489:12)
    at emitErrorNT (node:internal/streams/destroy:169:8)
    at emitErrorCloseNT (node:internal/streams/destroy:128:3)
    at processTicksAndRejections (node:internal/process/task_queues:82:21)]]></failure>
    </testcase>
    <testcase name="auth-modes: [test/auth-modes.test.js] with default getTokenTransferMethod verifySession from behaviour table should match line 24 with a expired token" time="0.000" classname="should match line 24 with a expired token">
      <failure message="request to http://localhost:3567/recipe/multitenancy/app/v2 failed, reason: connect ECONNREFUSED 127.0.0.1:3567" type="FetchError"><![CDATA[FetchError: request to http://localhost:3567/recipe/multitenancy/app/v2 failed, reason: connect ECONNREFUSED 127.0.0.1:3567
    at ClientRequest.<anonymous> (node_modules/cross-fetch/node_modules/node-fetch/lib/index.js:1501:11)
    at ClientRequest.emit (node:events:524:28)
    at ClientRequest.emit (node:domain:489:12)
    at emitErrorEvent (node:_http_client:101:11)
    at Socket.socketErrorListener (node:_http_client:504:5)
    at Socket.emit (node:events:524:28)
    at Socket.emit (node:domain:489:12)
    at emitErrorNT (node:internal/streams/destroy:169:8)
    at emitErrorCloseNT (node:internal/streams/destroy:128:3)
    at processTicksAndRejections (node:internal/process/task_queues:82:21)]]></failure>
    </testcase>
  </testsuite>
  <testsuite name="with access tokens in both headers and cookies" timestamp="2026-04-02T11:14:35" tests="3" file="/work/rintaro-k/research/PS/js/repos_tmp/supertokens/supertokens-node/test/auth-modes.test.js" time="0.004" failures="3">
    <testcase name="auth-modes: [test/auth-modes.test.js] with default getTokenTransferMethod verifySession with access tokens in both headers and cookies should use the value from headers if getTokenTransferMethod returns any" time="0.001" classname="should use the value from headers if getTokenTransferMethod returns any">
      <failure message="request to http://localhost:3567/recipe/multitenancy/app/v2 failed, reason: connect ECONNREFUSED 127.0.0.1:3567" type="FetchError"><![CDATA[FetchError: request to http://localhost:3567/recipe/multitenancy/app/v2 failed, reason: connect ECONNREFUSED 127.0.0.1:3567
    at ClientRequest.<anonymous> (node_modules/cross-fetch/node_modules/node-fetch/lib/index.js:1501:11)
    at ClientRequest.emit (node:events:524:28)
    at ClientRequest.emit (node:domain:489:12)
    at emitErrorEvent (node:_http_client:101:11)
    at Socket.socketErrorListener (node:_http_client:504:5)
    at Socket.emit (node:events:524:28)
    at Socket.emit (node:domain:489:12)
    at emitErrorNT (node:internal/streams/destroy:169:8)
    at emitErrorCloseNT (node:internal/streams/destroy:128:3)
    at processTicksAndRejections (node:internal/process/task_queues:82:21)]]></failure>
    </testcase>
    <testcase name="auth-modes: [test/auth-modes.test.js] with default getTokenTransferMethod verifySession with access tokens in both headers and cookies should use the value from headers if getTokenTransferMethod returns header" time="0.000" classname="should use the value from headers if getTokenTransferMethod returns header">
      <failure message="request to http://localhost:3567/recipe/multitenancy/app/v2 failed, reason: connect ECONNREFUSED 127.0.0.1:3567" type="FetchError"><![CDATA[FetchError: request to http://localhost:3567/recipe/multitenancy/app/v2 failed, reason: connect ECONNREFUSED 127.0.0.1:3567
    at ClientRequest.<anonymous> (node_modules/cross-fetch/node_modules/node-fetch/lib/index.js:1501:11)
    at ClientRequest.emit (node:events:524:28)
    at ClientRequest.emit (node:domain:489:12)
    at emitErrorEvent (node:_http_client:101:11)
    at Socket.socketErrorListener (node:_http_client:504:5)
    at Socket.emit (node:events:524:28)
    at Socket.emit (node:domain:489:12)
    at emitErrorNT (node:internal/streams/destroy:169:8)
    at emitErrorCloseNT (node:internal/streams/destroy:128:3)
    at processTicksAndRejections (node:internal/process/task_queues:82:21)]]></failure>
    </testcase>
    <testcase name="auth-modes: [test/auth-modes.test.js] with default getTokenTransferMethod verifySession with access tokens in both headers and cookies should use the value from cookies if getTokenTransferMethod returns cookie" time="0.001" classname="should use the value from cookies if getTokenTransferMethod returns cookie">
      <failure message="request to http://localhost:3567/recipe/multitenancy/app/v2 failed, reason: connect ECONNREFUSED 127.0.0.1:3567" type="FetchError"><![CDATA[FetchError: request to http://localhost:3567/recipe/multitenancy/app/v2 failed, reason: connect ECONNREFUSED 127.0.0.1:3567
    at ClientRequest.<anonymous> (node_modules/cross-fetch/node_modules/node-fetch/lib/index.js:1501:11)
    at ClientRequest.emit (node:events:524:28)
    at ClientRequest.emit (node:domain:489:12)
    at emitErrorEvent (node:_http_client:101:11)
    at Socket.socketErrorListener (node:_http_client:504:5)
    at Socket.emit (node:events:524:28)
    at Socket.emit (node:domain:489:12)
    at emitErrorNT (node:internal/streams/destroy:169:8)
    at emitErrorCloseNT (node:internal/streams/destroy:128:3)
    at processTicksAndRejections (node:internal/process/task_queues:82:21)]]></failure>
    </testcase>
  </testsuite>
  <testsuite name="with non ST in Authorize header" timestamp="2026-04-02T11:14:35" tests="3" file="/work/rintaro-k/research/PS/js/repos_tmp/supertokens/supertokens-node/test/auth-modes.test.js" time="0.008" failures="3">
    <testcase name="auth-modes: [test/auth-modes.test.js] with default getTokenTransferMethod verifySession with non ST in Authorize header should use the value from cookies if present and getTokenTransferMethod returns any" time="0.001" classname="should use the value from cookies if present and getTokenTransferMethod returns any">
      <failure message="request to http://localhost:3567/recipe/multitenancy/app/v2 failed, reason: connect ECONNREFUSED 127.0.0.1:3567" type="FetchError"><![CDATA[FetchError: request to http://localhost:3567/recipe/multitenancy/app/v2 failed, reason: connect ECONNREFUSED 127.0.0.1:3567
    at ClientRequest.<anonymous> (node_modules/cross-fetch/node_modules/node-fetch/lib/index.js:1501:11)
    at ClientRequest.emit (node:events:524:28)
    at ClientRequest.emit (node:domain:489:12)
    at emitErrorEvent (node:_http_client:101:11)
    at Socket.socketErrorListener (node:_http_client:504:5)
    at Socket.emit (node:events:524:28)
    at Socket.emit (node:domain:489:12)
    at emitErrorNT (node:internal/streams/destroy:169:8)
    at emitErrorCloseNT (node:internal/streams/destroy:128:3)
    at processTicksAndRejections (node:internal/process/task_queues:82:21)]]></failure>
    </testcase>
    <testcase name="auth-modes: [test/auth-modes.test.js] with default getTokenTransferMethod verifySession with non ST in Authorize header should reject with UNAUTHORISED if getTokenTransferMethod returns header" time="0.000" classname="should reject with UNAUTHORISED if getTokenTransferMethod returns header">
      <failure message="request to http://localhost:3567/recipe/multitenancy/app/v2 failed, reason: connect ECONNREFUSED 127.0.0.1:3567" type="FetchError"><![CDATA[FetchError: request to http://localhost:3567/recipe/multitenancy/app/v2 failed, reason: connect ECONNREFUSED 127.0.0.1:3567
    at ClientRequest.<anonymous> (node_modules/cross-fetch/node_modules/node-fetch/lib/index.js:1501:11)
    at ClientRequest.emit (node:events:524:28)
    at ClientRequest.emit (node:domain:489:12)
    at emitErrorEvent (node:_http_client:101:11)
    at Socket.socketErrorListener (node:_http_client:504:5)
    at Socket.emit (node:events:524:28)
    at Socket.emit (node:domain:489:12)
    at emitErrorNT (node:internal/streams/destroy:169:8)
    at emitErrorCloseNT (node:internal/streams/destroy:128:3)
    at processTicksAndRejections (node:internal/process/task_queues:82:21)]]></failure>
    </testcase>
    <testcase name="auth-modes: [test/auth-modes.test.js] with default getTokenTransferMethod verifySession with non ST in Authorize header should reject with UNAUTHORISED if cookies are not present" time="0.001" classname="should reject with UNAUTHORISED if cookies are not present">
      <failure message="request to http://localhost:3567/recipe/multitenancy/app/v2 failed, reason: connect ECONNREFUSED 127.0.0.1:3567" type="FetchError"><![CDATA[FetchError: request to http://localhost:3567/recipe/multitenancy/app/v2 failed, reason: connect ECONNREFUSED 127.0.0.1:3567
    at ClientRequest.<anonymous> (node_modules/cross-fetch/node_modules/node-fetch/lib/index.js:1501:11)
    at ClientRequest.emit (node:events:524:28)
    at ClientRequest.emit (node:domain:489:12)
    at emitErrorEvent (node:_http_client:101:11)
    at Socket.socketErrorListener (node:_http_client:504:5)
    at Socket.emit (node:events:524:28)
    at Socket.emit (node:domain:489:12)
    at emitErrorNT (node:internal/streams/destroy:169:8)
    at emitErrorCloseNT (node:internal/streams/destroy:128:3)
    at processTicksAndRejections (node:internal/process/task_queues:82:21)]]></failure>
    </testcase>
  </testsuite>
  <testsuite name="mergeIntoAccessTokenPayload" timestamp="2026-04-02T11:14:35" tests="2" file="/work/rintaro-k/research/PS/js/repos_tmp/supertokens/supertokens-node/test/auth-modes.test.js" time="0.003" failures="2">
    <testcase name="auth-modes: [test/auth-modes.test.js] with default getTokenTransferMethod mergeIntoAccessTokenPayload should update cookies if the session was cookie based" time="0.000" classname="should update cookies if the session was cookie based">
      <failure message="request to http://localhost:3567/recipe/multitenancy/app/v2 failed, reason: connect ECONNREFUSED 127.0.0.1:3567" type="FetchError"><![CDATA[FetchError: request to http://localhost:3567/recipe/multitenancy/app/v2 failed, reason: connect ECONNREFUSED 127.0.0.1:3567
    at ClientRequest.<anonymous> (node_modules/cross-fetch/node_modules/node-fetch/lib/index.js:1501:11)
    at ClientRequest.emit (node:events:524:28)
    at ClientRequest.emit (node:domain:489:12)
    at emitErrorEvent (node:_http_client:101:11)
    at Socket.socketErrorListener (node:_http_client:504:5)
    at Socket.emit (node:events:524:28)
    at Socket.emit (node:domain:489:12)
    at emitErrorNT (node:internal/streams/destroy:169:8)
    at emitErrorCloseNT (node:internal/streams/destroy:128:3)
[...]
      <failure message="request to http://localhost:3567/recipe/multitenancy/app/v2 failed, reason: connect ECONNREFUSED 127.0.0.1:3567" type="FetchError"><![CDATA[FetchError: request to http://localhost:3567/recipe/multitenancy/app/v2 failed, reason: connect ECONNREFUSED 127.0.0.1:3567
    at ClientRequest.<anonymous> (node_modules/cross-fetch/node_modules/node-fetch/lib/index.js:1501:11)
    at ClientRequest.emit (node:events:524:28)
    at ClientRequest.emit (node:domain:489:12)
    at emitErrorEvent (node:_http_client:101:11)
    at Socket.socketErrorListener (node:_http_client:504:5)
    at Socket.emit (node:events:524:28)
    at Socket.emit (node:domain:489:12)
    at emitErrorNT (node:internal/streams/destroy:169:8)
    at emitErrorCloseNT (node:internal/streams/destroy:128:3)
    at processTicksAndRejections (node:internal/process/task_queues:82:21)]]></failure>
    </testcase>
    <testcase name="smsDelivery: [test/passwordless/smsDelivery.test.js] test custom override: passwordless login" time="0.001" classname="test custom override: passwordless login">
      <failure message="request to http://localhost:3567/recipe/multitenancy/app/v2 failed, reason: connect ECONNREFUSED 127.0.0.1:3567" type="FetchError"><![CDATA[FetchError: request to http://localhost:3567/recipe/multitenancy/app/v2 failed, reason: connect ECONNREFUSED 127.0.0.1:3567
    at ClientRequest.<anonymous> (node_modules/cross-fetch/node_modules/node-fetch/lib/index.js:1501:11)
    at ClientRequest.emit (node:events:524:28)
    at ClientRequest.emit (node:domain:489:12)
    at emitErrorEvent (node:_http_client:101:11)
    at Socket.socketErrorListener (node:_http_client:504:5)
    at Socket.emit (node:events:524:28)
    at Socket.emit (node:domain:489:12)
    at emitErrorNT (node:internal/streams/destroy:169:8)
    at emitErrorCloseNT (node:internal/streams/destroy:128:3)
    at processTicksAndRejections (node:internal/process/task_queues:82:21)]]></failure>
    </testcase>
    <testcase name="smsDelivery: [test/passwordless/smsDelivery.test.js] test twilio service: passwordless login" time="0.000" classname="test twilio service: passwordless login">
      <failure message="request to http://localhost:3567/recipe/multitenancy/app/v2 failed, reason: connect ECONNREFUSED 127.0.0.1:3567" type="FetchError"><![CDATA[FetchError: request to http://localhost:3567/recipe/multitenancy/app/v2 failed, reason: connect ECONNREFUSED 127.0.0.1:3567
    at ClientRequest.<anonymous> (node_modules/cross-fetch/node_modules/node-fetch/lib/index.js:1501:11)
    at ClientRequest.emit (node:events:524:28)
    at ClientRequest.emit (node:domain:489:12)
    at emitErrorEvent (node:_http_client:101:11)
    at Socket.socketErrorListener (node:_http_client:504:5)
    at Socket.emit (node:events:524:28)
    at Socket.emit (node:domain:489:12)
    at emitErrorNT (node:internal/streams/destroy:169:8)
    at emitErrorCloseNT (node:internal/streams/destroy:128:3)
    at processTicksAndRejections (node:internal/process/task_queues:82:21)]]></failure>
    </testcase>
    <testcase name="smsDelivery: [test/passwordless/smsDelivery.test.js] test default backward compatibility api being called, error message sent back to user: passwordless login" time="0.001" classname="test default backward compatibility api being called, error message sent back to user: passwordless login">
      <failure message="request to http://localhost:3567/recipe/multitenancy/app/v2 failed, reason: connect ECONNREFUSED 127.0.0.1:3567" type="FetchError"><![CDATA[FetchError: request to http://localhost:3567/recipe/multitenancy/app/v2 failed, reason: connect ECONNREFUSED 127.0.0.1:3567
    at ClientRequest.<anonymous> (node_modules/cross-fetch/node_modules/node-fetch/lib/index.js:1501:11)
    at ClientRequest.emit (node:events:524:28)
    at ClientRequest.emit (node:domain:489:12)
    at emitErrorEvent (node:_http_client:101:11)
    at Socket.socketErrorListener (node:_http_client:504:5)
    at Socket.emit (node:events:524:28)
    at Socket.emit (node:domain:489:12)
    at emitErrorNT (node:internal/streams/destroy:169:8)
    at emitErrorCloseNT (node:internal/streams/destroy:128:3)
    at processTicksAndRejections (node:internal/process/task_queues:82:21)]]></failure>
    </testcase>
    <testcase name="smsDelivery: [test/passwordless/smsDelivery.test.js] test supertokens service: passwordless login" time="0.000" classname="test supertokens service: passwordless login">
      <failure message="request to http://localhost:3567/recipe/multitenancy/app/v2 failed, reason: connect ECONNREFUSED 127.0.0.1:3567" type="FetchError"><![CDATA[FetchError: request to http://localhost:3567/recipe/multitenancy/app/v2 failed, reason: connect ECONNREFUSED 127.0.0.1:3567
    at ClientRequest.<anonymous> (node_modules/cross-fetch/node_modules/node-fetch/lib/index.js:1501:11)
    at ClientRequest.emit (node:events:524:28)
    at ClientRequest.emit (node:domain:489:12)
    at emitErrorEvent (node:_http_client:101:11)
    at Socket.socketErrorListener (node:_http_client:504:5)
    at Socket.emit (node:events:524:28)
    at Socket.emit (node:domain:489:12)
    at emitErrorNT (node:internal/streams/destroy:169:8)
    at emitErrorCloseNT (node:internal/streams/destroy:128:3)
    at processTicksAndRejections (node:internal/process/task_queues:82:21)]]></failure>
    </testcase>
    <testcase name="smsDelivery: [test/passwordless/smsDelivery.test.js] test default backward compatibility api being called, error message not sent back to user if response code is 429: passwordless login" time="0.001" classname="test default backward compatibility api being called, error message not sent back to user if response code is 429: passwordless login">
      <failure message="request to http://localhost:3567/recipe/multitenancy/app/v2 failed, reason: connect ECONNREFUSED 127.0.0.1:3567" type="FetchError"><![CDATA[FetchError: request to http://localhost:3567/recipe/multitenancy/app/v2 failed, reason: connect ECONNREFUSED 127.0.0.1:3567
    at ClientRequest.<anonymous> (node_modules/cross-fetch/node_modules/node-fetch/lib/index.js:1501:11)
    at ClientRequest.emit (node:events:524:28)
    at ClientRequest.emit (node:domain:489:12)
    at emitErrorEvent (node:_http_client:101:11)
    at Socket.socketErrorListener (node:_http_client:504:5)
    at Socket.emit (node:events:524:28)
    at Socket.emit (node:domain:489:12)
    at emitErrorNT (node:internal/streams/destroy:169:8)
    at emitErrorCloseNT (node:internal/streams/destroy:128:3)
    at processTicksAndRejections (node:internal/process/task_queues:82:21)]]></failure>
    </testcase>
    <testcase name="smsDelivery: [test/passwordless/smsDelivery.test.js] test default backward compatibility api being called: resend code api" time="0.000" classname="test default backward compatibility api being called: resend code api">
      <failure message="request to http://localhost:3567/recipe/multitenancy/app/v2 failed, reason: connect ECONNREFUSED 127.0.0.1:3567" type="FetchError"><![CDATA[FetchError: request to http://localhost:3567/recipe/multitenancy/app/v2 failed, reason: connect ECONNREFUSED 127.0.0.1:3567
    at ClientRequest.<anonymous> (node_modules/cross-fetch/node_modules/node-fetch/lib/index.js:1501:11)
    at ClientRequest.emit (node:events:524:28)
    at ClientRequest.emit (node:domain:489:12)
    at emitErrorEvent (node:_http_client:101:11)
    at Socket.socketErrorListener (node:_http_client:504:5)
    at Socket.emit (node:events:524:28)
    at Socket.emit (node:domain:489:12)
    at emitErrorNT (node:internal/streams/destroy:169:8)
    at emitErrorCloseNT (node:internal/streams/destroy:128:3)
    at processTicksAndRejections (node:internal/process/task_queues:82:21)]]></failure>
    </testcase>
    <testcase name="smsDelivery: [test/passwordless/smsDelivery.test.js] test backward compatibility: resend code api" time="0.001" classname="test backward compatibility: resend code api">
      <failure message="request to http://localhost:3567/recipe/multitenancy/app/v2 failed, reason: connect ECONNREFUSED 127.0.0.1:3567" type="FetchError"><![CDATA[FetchError: request to http://localhost:3567/recipe/multitenancy/app/v2 failed, reason: connect ECONNREFUSED 127.0.0.1:3567
    at ClientRequest.<anonymous> (node_modules/cross-fetch/node_modules/node-fetch/lib/index.js:1501:11)
    at ClientRequest.emit (node:events:524:28)
    at ClientRequest.emit (node:domain:489:12)
    at emitErrorEvent (node:_http_client:101:11)
    at Socket.socketErrorListener (node:_http_client:504:5)
    at Socket.emit (node:events:524:28)
    at Socket.emit (node:domain:489:12)
    at emitErrorNT (node:internal/streams/destroy:169:8)
    at emitErrorCloseNT (node:internal/streams/destroy:128:3)
    at processTicksAndRejections (node:internal/process/task_queues:82:21)]]></failure>
    </testcase>
    <testcase name="smsDelivery: [test/passwordless/smsDelivery.test.js] test custom override: resend code api" time="0.000" classname="test custom override: resend code api">
      <failure message="request to http://localhost:3567/recipe/multitenancy/app/v2 failed, reason: connect ECONNREFUSED 127.0.0.1:3567" type="FetchError"><![CDATA[FetchError: request to http://localhost:3567/recipe/multitenancy/app/v2 failed, reason: connect ECONNREFUSED 127.0.0.1:3567
    at ClientRequest.<anonymous> (node_modules/cross-fetch/node_modules/node-fetch/lib/index.js:1501:11)
    at ClientRequest.emit (node:events:524:28)
    at ClientRequest.emit (node:domain:489:12)
    at emitErrorEvent (node:_http_client:101:11)
    at Socket.socketErrorListener (node:_http_client:504:5)
    at Socket.emit (node:events:524:28)
    at Socket.emit (node:domain:489:12)
    at emitErrorNT (node:internal/streams/destroy:169:8)
    at emitErrorCloseNT (node:internal/streams/destroy:128:3)
    at processTicksAndRejections (node:internal/process/task_queues:82:21)]]></failure>
    </testcase>
    <testcase name="smsDelivery: [test/passwordless/smsDelivery.test.js] test twilio service: resend code api" time="0.001" classname="test twilio service: resend code api">
      <failure message="request to http://localhost:3567/recipe/multitenancy/app/v2 failed, reason: connect ECONNREFUSED 127.0.0.1:3567" type="FetchError"><![CDATA[FetchError: request to http://localhost:3567/recipe/multitenancy/app/v2 failed, reason: connect ECONNREFUSED 127.0.0.1:3567
    at ClientRequest.<anonymous> (node_modules/cross-fetch/node_modules/node-fetch/lib/index.js:1501:11)
    at ClientRequest.emit (node:events:524:28)
    at ClientRequest.emit (node:domain:489:12)
    at emitErrorEvent (node:_http_client:101:11)
    at Socket.socketErrorListener (node:_http_client:504:5)
    at Socket.emit (node:events:524:28)
    at Socket.emit (node:domain:489:12)
    at emitErrorNT (node:internal/streams/destroy:169:8)
    at emitErrorCloseNT (node:internal/streams/destroy:128:3)
    at processTicksAndRejections (node:internal/process/task_queues:82:21)]]></failure>
    </testcase>
    <testcase name="smsDelivery: [test/passwordless/smsDelivery.test.js] test default backward compatibility api being called, error message sent back to user: resend code api" time="0.001" classname="test default backward compatibility api being called, error message sent back to user: resend code api">
      <failure message="request to http://localhost:3567/recipe/multitenancy/app/v2 failed, reason: connect ECONNREFUSED 127.0.0.1:3567" type="FetchError"><![CDATA[FetchError: request to http://localhost:3567/recipe/multitenancy/app/v2 failed, reason: connect ECONNREFUSED 127.0.0.1:3567
    at ClientRequest.<anonymous> (node_modules/cross-fetch/node_modules/node-fetch/lib/index.js:1501:11)
    at ClientRequest.emit (node:events:524:28)
    at ClientRequest.emit (node:domain:489:12)
    at emitErrorEvent (node:_http_client:101:11)
    at Socket.socketErrorListener (node:_http_client:504:5)
    at Socket.emit (node:events:524:28)
    at Socket.emit (node:domain:489:12)
    at emitErrorNT (node:internal/streams/destroy:169:8)
    at emitErrorCloseNT (node:internal/streams/destroy:128:3)
    at processTicksAndRejections (node:internal/process/task_queues:82:21)]]></failure>
    </testcase>
    <testcase name="smsDelivery: [test/passwordless/smsDelivery.test.js] test supertokens service: resend code api" time="0.001" classname="test supertokens service: resend code api">
      <failure message="request to http://localhost:3567/recipe/multitenancy/app/v2 failed, reason: connect ECONNREFUSED 127.0.0.1:3567" type="FetchError"><![CDATA[FetchError: request to http://localhost:3567/recipe/multitenancy/app/v2 failed, reason: connect ECONNREFUSED 127.0.0.1:3567
    at ClientRequest.<anonymous> (node_modules/cross-fetch/node_modules/node-fetch/lib/index.js:1501:11)
    at ClientRequest.emit (node:events:524:28)
    at ClientRequest.emit (node:domain:489:12)
    at emitErrorEvent (node:_http_client:101:11)
    at Socket.socketErrorListener (node:_http_client:504:5)
    at Socket.emit (node:events:524:28)
    at Socket.emit (node:domain:489:12)
    at emitErrorNT (node:internal/streams/destroy:169:8)
    at emitErrorCloseNT (node:internal/streams/destroy:128:3)
    at processTicksAndRejections (node:internal/process/task_queues:82:21)]]></failure>
    </testcase>
    <testcase name="smsDelivery: [test/passwordless/smsDelivery.test.js] test default backward compatibility api being called, error message not sent back to user if response code is 429: resend code api" time="0.001" classname="test default backward compatibility api being called, error message not sent back to user if response code is 429: resend code api">
      <failure message="request to http://localhost:3567/recipe/multitenancy/app/v2 failed, reason: connect ECONNREFUSED 127.0.0.1:3567" type="FetchError"><![CDATA[FetchError: request to http://localhost:3567/recipe/multitenancy/app/v2 failed, reason: connect ECONNREFUSED 127.0.0.1:3567
    at ClientRequest.<anonymous> (node_modules/cross-fetch/node_modules/node-fetch/lib/index.js:1501:11)
    at ClientRequest.emit (node:events:524:28)
    at ClientRequest.emit (node:domain:489:12)
    at emitErrorEvent (node:_http_client:101:11)
    at Socket.socketErrorListener (node:_http_client:504:5)
    at Socket.emit (node:events:524:28)
    at Socket.emit (node:domain:489:12)
    at emitErrorNT (node:internal/streams/destroy:169:8)
    at emitErrorCloseNT (node:internal/streams/destroy:128:3)
    at processTicksAndRejections (node:internal/process/task_queues:82:21)]]></failure>
    </testcase>
  </testsuite>
  <testsuite name="Plugins" timestamp="2026-04-02T11:19:18" tests="0" file="/work/rintaro-k/research/PS/js/repos_tmp/supertokens/supertokens-node/test/plugins/plugins.test.ts" time="0.000" failures="1">
    <testcase name="smsDelivery: [test/passwordless/smsDelivery.test.js] &quot;after all&quot; hook in &quot;smsDelivery: [test/passwordless/smsDelivery.test.js]&quot;" time="0.000" classname="&quot;after all&quot; hook in &quot;smsDelivery: [test/passwordless/smsDelivery.test.js]&quot;">
      <failure message="done() called multiple times in hook &lt;smsDelivery: [33;3;2m[test/passwordless/smsDelivery.test.js][0m &quot;after all&quot; hook in &quot;smsDelivery: [33;3;2m[test/passwordless/smsDelivery.test.js][0m&quot;&gt; of file /work/rintaro-k/research/PS/js/repos_tmp/supertokens/supertokens-node/test/passwordless/smsDelivery.test.js; in addition, done() received error: Error: write EPIPE
    at afterWriteDispatched (node:internal/stream_base_commons:161:15)
    at writeGeneric (node:internal/stream_base_commons:152:3)
    at Socket._writeGeneric (node:net:958:11)
    at Socket._write (node:net:970:8)
    at writeOrBuffer (node:internal/streams/writable:572:12)
    at _write (node:internal/streams/writable:501:10)
    at Socket.Writable.write (node:internal/streams/writable:510:10)
    at console.value (node:internal/console/constructor:303:16)
    at console.log (node:internal/console/constructor:378:26)
    at Runner.&lt;anonymous&gt; (/work/rintaro-k/research/PS/js/repos_tmp/supertokens/supertokens-node/node_modules/mocha/lib/reporters/spec.js:60:12)
    at Runner.emit (node:events:536:35)
    at Runner.emit (node:domain:489:12)
    at /work/rintaro-k/research/PS/js/repos_tmp/supertokens/supertokens-node/node_modules/mocha/lib/runner.js:907:12
    at next (/work/rintaro-k/research/PS/js/repos_tmp/supertokens/supertokens-node/node_modules/mocha/lib/runner.js:485:14)
    at cbHookRun (/work/rintaro-k/research/PS/js/repos_tmp/supertokens/supertokens-node/node_modules/mocha/lib/runner.js:550:7)
    at done (/work/rintaro-k/research/PS/js/repos_tmp/supertokens/supertokens-node/node_modules/mocha/lib/runnable.js:310:5)
    at /work/rintaro-k/research/PS/js/repos_tmp/supertokens/supertokens-node/node_modules/mocha/lib/runnable.js:371:11 {
  errno: -32,
  code: &apos;EPIPE&apos;,
  syscall: &apos;write&apos;,
  uncaught: true
}" type="Error"><![CDATA[Error: done() called multiple times in hook <smsDelivery: [33;3;2m[test/passwordless/smsDelivery.test.js][0m "after all" hook in "smsDelivery: [33;3;2m[test/passwordless/smsDelivery.test.js][0m"> of file /work/rintaro-k/research/PS/js/repos_tmp/supertokens/supertokens-node/test/passwordless/smsDelivery.test.js; in addition, done() received error: Error: write EPIPE
    at afterWriteDispatched (node:internal/stream_base_commons:161:15)
    at writeGeneric (node:internal/stream_base_commons:152:3)
    at Socket._writeGeneric (node:net:958:11)
    at Socket._write (node:net:970:8)
    at writeOrBuffer (node:internal/streams/writable:572:12)
    at _write (node:internal/streams/writable:501:10)
    at Socket.Writable.write (node:internal/streams/writable:510:10)
    at console.value (node:internal/console/constructor:303:16)
    at console.log (node:internal/console/constructor:378:26)
    at Runner.emit (node:events:536:35)
    at Runner.emit (node:domain:489:12)
  errno: -32,
  code: 'EPIPE',
  syscall: 'write',
  uncaught: true
}
    at process.emit (node:events:536:35)
    at processEmit (node_modules/signal-exit/index.js:199:34)
    at process.emit.sharedData.processEmitHook.installedValue [as emit] (node_modules/@cspotcode/source-map-support/source-map-support.js:745:40)
    at process._fatalException (node:internal/process/execution:188:25)]]></failure>
    </testcase>
  </testsuite>
  <testsuite name="Overrides" timestamp="2026-04-02T11:19:18" tests="13" file="/work/rintaro-k/research/PS/js/repos_tmp/supertokens/supertokens-node/test/plugins/plugins.test.ts" time="0.007" failures="1">
    <testcase name="Plugins Overrides 0. fnOverride=false, apiOverride=false, configOverride=false, plugins=[]" time="0.003" classname="0. fnOverride=false, apiOverride=false, configOverride=false, plugins=[]">
    </testcase>
    <testcase name="Plugins Overrides 0. fnOverride=false, apiOverride=false, configOverride=false, plugins=[]" time="0.003" classname="0. fnOverride=false, apiOverride=false, configOverride=false, plugins=[]">
      <failure message="write EPIPE" type="Error"><![CDATA[Error: write EPIPE
    at afterWriteDispatched (node:internal/stream_base_commons:161:15)
    at writeGeneric (node:internal/stream_base_commons:152:3)
    at Socket._writeGeneric (node:net:958:11)
    at Socket._write (node:net:970:8)
    at writeOrBuffer (node:internal/streams/writable:572:12)
    at _write (node:internal/streams/writable:501:10)
    at Socket.Writable.write (node:internal/streams/writable:510:10)
    at console.value (node:internal/console/constructor:303:16)
    at console.log (node:internal/console/constructor:378:26)
    at Runner.emit (node:events:536:35)
    at Runner.emit (node:domain:489:12)
    at processImmediate (node:internal/timers:483:21)]]></failure>
    </testcase>
  </testsuite>
</testsuites>